2023-08-17 10:02:17,099 INFO com.iemr.flw.controller.CoupleController [http-nio-8081-exec-2] Saving pregnant woman details with timestamp : 2023-08-17 10:02:17.095
2023-08-17 10:02:23,160 INFO com.iemr.flw.controller.CoupleController [http-nio-8081-exec-86] Saving pregnant woman details with timestamp : 2023-08-17 10:02:23.16
2023-08-17 10:02:22,515 INFO com.iemr.flw.controller.CoupleController [http-nio-8081-exec-9] Saving pregnant woman details with timestamp : 2023-08-17 10:02:22.515
2023-08-17 10:02:22,515 INFO com.iemr.flw.controller.CoupleController [http-nio-8081-exec-10] Saving pregnant woman details with timestamp : 2023-08-17 10:02:22.515
2023-08-17 10:02:22,515 INFO com.iemr.flw.controller.CoupleController [http-nio-8081-exec-49] Saving pregnant woman details with timestamp : 2023-08-17 10:02:22.515
2023-08-17 10:02:22,515 INFO com.iemr.flw.controller.CoupleController [http-nio-8081-exec-47] Saving pregnant woman details with timestamp : 2023-08-17 10:02:22.515
2023-08-17 10:02:22,515 INFO com.iemr.flw.controller.CoupleController [http-nio-8081-exec-43] Saving pregnant woman details with timestamp : 2023-08-17 10:02:22.515
2023-08-17 10:02:22,515 INFO com.iemr.flw.controller.CoupleController [http-nio-8081-exec-44] Saving pregnant woman details with timestamp : 2023-08-17 10:02:22.515
2023-08-17 10:02:21,808 INFO com.iemr.flw.controller.CoupleController [http-nio-8081-exec-21] Saving pregnant woman details with timestamp : 2023-08-17 10:02:21.807
2023-08-17 10:02:21,815 INFO com.iemr.flw.controller.CoupleController [http-nio-8081-exec-4] Saving pregnant woman details with timestamp : 2023-08-17 10:02:21.815
2023-08-17 10:02:21,815 INFO com.iemr.flw.controller.CoupleController [http-nio-8081-exec-7] Saving pregnant woman details with timestamp : 2023-08-17 10:02:21.815
2023-08-17 10:02:21,815 INFO com.iemr.flw.controller.CoupleController [http-nio-8081-exec-3] Saving pregnant woman details with timestamp : 2023-08-17 10:02:21.815
2023-08-17 10:02:21,815 INFO com.iemr.flw.controller.CoupleController [http-nio-8081-exec-5] Saving pregnant woman details with timestamp : 2023-08-17 10:02:21.815
2023-08-17 10:02:21,815 INFO com.iemr.flw.controller.CoupleController [http-nio-8081-exec-52] Saving pregnant woman details with timestamp : 2023-08-17 10:02:21.815
2023-08-17 10:02:21,815 INFO com.iemr.flw.controller.CoupleController [http-nio-8081-exec-50] Saving pregnant woman details with timestamp : 2023-08-17 10:02:21.815
2023-08-17 10:02:21,815 INFO com.iemr.flw.controller.CoupleController [http-nio-8081-exec-8] Saving pregnant woman details with timestamp : 2023-08-17 10:02:21.815
2023-08-17 10:02:21,815 INFO com.iemr.flw.controller.CoupleController [http-nio-8081-exec-46] Saving pregnant woman details with timestamp : 2023-08-17 10:02:21.815
2023-08-17 10:02:21,814 INFO com.iemr.flw.controller.CoupleController [http-nio-8081-exec-41] Saving pregnant woman details with timestamp : 2023-08-17 10:02:21.814
2023-08-17 10:02:21,815 INFO com.iemr.flw.controller.CoupleController [http-nio-8081-exec-48] Saving pregnant woman details with timestamp : 2023-08-17 10:02:21.815
2023-08-17 10:02:21,811 INFO com.iemr.flw.controller.CoupleController [http-nio-8081-exec-59] Saving pregnant woman details with timestamp : 2023-08-17 10:02:21.811
2023-08-17 10:02:21,811 INFO com.iemr.flw.controller.CoupleController [http-nio-8081-exec-62] Saving pregnant woman details with timestamp : 2023-08-17 10:02:21.811
2023-08-17 10:02:21,811 INFO com.iemr.flw.controller.CoupleController [http-nio-8081-exec-63] Saving pregnant woman details with timestamp : 2023-08-17 10:02:21.811
2023-08-17 10:02:21,811 INFO com.iemr.flw.controller.CoupleController [http-nio-8081-exec-65] Saving pregnant woman details with timestamp : 2023-08-17 10:02:21.811
2023-08-17 10:02:21,811 INFO com.iemr.flw.controller.CoupleController [http-nio-8081-exec-66] Saving pregnant woman details with timestamp : 2023-08-17 10:02:21.811
2023-08-17 10:02:22,515 INFO com.iemr.flw.controller.CoupleController [http-nio-8081-exec-67] request object with timestamp : 2023-08-17 10:02:22.515 com.iemr.flw.dto.identity.GetBenRequestHandler@2067e9c3
2023-08-17 10:02:21,811 INFO com.iemr.flw.controller.CoupleController [http-nio-8081-exec-11] Saving pregnant woman details with timestamp : 2023-08-17 10:02:21.811
2023-08-17 10:02:21,811 INFO com.iemr.flw.controller.CoupleController [http-nio-8081-exec-12] Saving pregnant woman details with timestamp : 2023-08-17 10:02:21.811
2023-08-17 10:02:21,811 INFO com.iemr.flw.controller.CoupleController [http-nio-8081-exec-13] Saving pregnant woman details with timestamp : 2023-08-17 10:02:21.811
2023-08-17 10:02:24,442 INFO com.iemr.flw.controller.CoupleController [http-nio-8081-exec-18] Saving pregnant woman details with timestamp : 2023-08-17 10:02:24.442
2023-08-17 10:02:24,442 INFO com.iemr.flw.controller.CoupleController [http-nio-8081-exec-24] Saving pregnant woman details with timestamp : 2023-08-17 10:02:24.442
2023-08-17 10:02:25,552 INFO com.iemr.flw.controller.CoupleController [http-nio-8081-exec-103] Saving pregnant woman details with timestamp : 2023-08-17 10:02:25.552
2023-08-17 10:02:25,552 INFO com.iemr.flw.controller.CoupleController [http-nio-8081-exec-102] Saving pregnant woman details with timestamp : 2023-08-17 10:02:25.552
2023-08-17 10:02:25,552 INFO com.iemr.flw.controller.CoupleController [http-nio-8081-exec-101] Saving pregnant woman details with timestamp : 2023-08-17 10:02:25.552
2023-08-17 10:02:25,552 INFO com.iemr.flw.controller.CoupleController [http-nio-8081-exec-98] Saving pregnant woman details with timestamp : 2023-08-17 10:02:25.552
2023-08-17 10:02:25,552 INFO com.iemr.flw.controller.CoupleController [http-nio-8081-exec-97] Saving pregnant woman details with timestamp : 2023-08-17 10:02:25.552
2023-08-17 10:02:25,552 INFO com.iemr.flw.controller.CoupleController [http-nio-8081-exec-100] Saving pregnant woman details with timestamp : 2023-08-17 10:02:25.552
2023-08-17 10:02:25,552 INFO com.iemr.flw.controller.CoupleController [http-nio-8081-exec-99] Saving pregnant woman details with timestamp : 2023-08-17 10:02:25.552
2023-08-17 10:02:25,551 INFO com.iemr.flw.controller.CoupleController [http-nio-8081-exec-96] Saving pregnant woman details with timestamp : 2023-08-17 10:02:25.551
2023-08-17 10:02:25,551 INFO com.iemr.flw.controller.CoupleController [http-nio-8081-exec-93] Saving pregnant woman details with timestamp : 2023-08-17 10:02:25.551
2023-08-17 10:02:25,551 INFO com.iemr.flw.controller.CoupleController [http-nio-8081-exec-92] Saving pregnant woman details with timestamp : 2023-08-17 10:02:25.551
2023-08-17 10:02:25,551 INFO com.iemr.flw.controller.CoupleController [http-nio-8081-exec-95] Saving pregnant woman details with timestamp : 2023-08-17 10:02:25.551
2023-08-17 10:02:25,551 INFO com.iemr.flw.controller.CoupleController [http-nio-8081-exec-94] Saving pregnant woman details with timestamp : 2023-08-17 10:02:25.551
2023-08-17 10:02:25,551 INFO com.iemr.flw.controller.CoupleController [http-nio-8081-exec-89] Saving pregnant woman details with timestamp : 2023-08-17 10:02:25.551
2023-08-17 10:02:25,551 INFO com.iemr.flw.controller.CoupleController [http-nio-8081-exec-91] Saving pregnant woman details with timestamp : 2023-08-17 10:02:25.551
2023-08-17 10:02:24,442 INFO com.iemr.flw.controller.CoupleController [http-nio-8081-exec-90] Saving pregnant woman details with timestamp : 2023-08-17 10:02:24.442
2023-08-17 10:02:22,510 INFO com.iemr.flw.controller.CoupleController [http-nio-8081-exec-88] Saving pregnant woman details with timestamp : 2023-08-17 10:02:22.51
2023-08-17 10:02:24,442 INFO com.iemr.flw.controller.CoupleController [http-nio-8081-exec-87] Saving pregnant woman details with timestamp : 2023-08-17 10:02:24.442
2023-08-17 10:02:21,808 INFO com.iemr.flw.controller.CoupleController [http-nio-8081-exec-85] Saving pregnant woman details with timestamp : 2023-08-17 10:02:21.808
2023-08-17 10:02:21,808 INFO com.iemr.flw.controller.CoupleController [http-nio-8081-exec-83] Saving pregnant woman details with timestamp : 2023-08-17 10:02:21.808
2023-08-17 10:02:21,808 INFO com.iemr.flw.controller.CoupleController [http-nio-8081-exec-84] Saving pregnant woman details with timestamp : 2023-08-17 10:02:21.808
2023-08-17 10:02:21,808 INFO com.iemr.flw.controller.CoupleController [http-nio-8081-exec-81] Saving pregnant woman details with timestamp : 2023-08-17 10:02:21.808
2023-08-17 10:02:21,808 INFO com.iemr.flw.controller.CoupleController [http-nio-8081-exec-82] Saving pregnant woman details with timestamp : 2023-08-17 10:02:21.808
2023-08-17 10:02:21,808 INFO com.iemr.flw.controller.CoupleController [http-nio-8081-exec-75] Saving pregnant woman details with timestamp : 2023-08-17 10:02:21.808
2023-08-17 10:02:21,808 INFO com.iemr.flw.controller.CoupleController [http-nio-8081-exec-80] Saving pregnant woman details with timestamp : 2023-08-17 10:02:21.808
2023-08-17 10:02:22,507 INFO com.iemr.flw.controller.CoupleController [http-nio-8081-exec-78] Saving pregnant woman details with timestamp : 2023-08-17 10:02:22.506
2023-08-17 10:02:21,808 INFO com.iemr.flw.controller.CoupleController [http-nio-8081-exec-74] Saving pregnant woman details with timestamp : 2023-08-17 10:02:21.808
2023-08-17 10:02:21,808 INFO com.iemr.flw.controller.CoupleController [http-nio-8081-exec-19] Saving pregnant woman details with timestamp : 2023-08-17 10:02:21.808
2023-08-17 10:02:21,808 INFO com.iemr.flw.controller.CoupleController [http-nio-8081-exec-23] Saving pregnant woman details with timestamp : 2023-08-17 10:02:21.808
2023-08-17 10:02:21,808 INFO com.iemr.flw.controller.CoupleController [http-nio-8081-exec-22] Saving pregnant woman details with timestamp : 2023-08-17 10:02:21.808
2023-08-17 10:02:21,808 INFO com.iemr.flw.controller.CoupleController [http-nio-8081-exec-16] Saving pregnant woman details with timestamp : 2023-08-17 10:02:21.808
2023-08-17 10:02:21,808 INFO com.iemr.flw.controller.CoupleController [http-nio-8081-exec-15] Saving pregnant woman details with timestamp : 2023-08-17 10:02:21.808
2023-08-17 10:02:21,808 INFO com.iemr.flw.controller.CoupleController [http-nio-8081-exec-14] Saving pregnant woman details with timestamp : 2023-08-17 10:02:21.808
2023-08-17 10:02:21,808 INFO com.iemr.flw.controller.CoupleController [http-nio-8081-exec-20] Saving pregnant woman details with timestamp : 2023-08-17 10:02:21.808
2023-08-17 10:02:21,808 INFO com.iemr.flw.controller.CoupleController [http-nio-8081-exec-17] Saving pregnant woman details with timestamp : 2023-08-17 10:02:21.808
2023-08-17 10:02:21,815 INFO com.iemr.flw.controller.CoupleController [http-nio-8081-exec-6] Saving pregnant woman details with timestamp : 2023-08-17 10:02:21.815
2023-08-17 10:02:21,815 INFO com.iemr.flw.controller.CoupleController [http-nio-8081-exec-51] Saving pregnant woman details with timestamp : 2023-08-17 10:02:21.815
2023-08-17 10:02:21,815 INFO com.iemr.flw.controller.CoupleController [http-nio-8081-exec-45] Saving pregnant woman details with timestamp : 2023-08-17 10:02:21.815
2023-08-17 10:02:21,814 INFO com.iemr.flw.controller.CoupleController [http-nio-8081-exec-42] Saving pregnant woman details with timestamp : 2023-08-17 10:02:21.814
2023-08-17 10:02:21,814 INFO com.iemr.flw.controller.CoupleController [http-nio-8081-exec-40] Saving pregnant woman details with timestamp : 2023-08-17 10:02:21.814
2023-08-17 10:02:21,814 INFO com.iemr.flw.controller.CoupleController [http-nio-8081-exec-39] Saving pregnant woman details with timestamp : 2023-08-17 10:02:21.814
2023-08-17 10:02:21,814 INFO com.iemr.flw.controller.CoupleController [http-nio-8081-exec-38] Saving pregnant woman details with timestamp : 2023-08-17 10:02:21.814
2023-08-17 10:02:20,773 INFO com.iemr.flw.controller.CoupleController [http-nio-8081-exec-36] Saving pregnant woman details with timestamp : 2023-08-17 10:02:20.773
2023-08-17 10:02:22,515 INFO com.iemr.flw.controller.CoupleController [http-nio-8081-exec-35] Saving pregnant woman details with timestamp : 2023-08-17 10:02:22.515
2023-08-17 10:02:22,515 INFO com.iemr.flw.controller.CoupleController [http-nio-8081-exec-34] Saving pregnant woman details with timestamp : 2023-08-17 10:02:22.515
2023-08-17 10:02:21,812 INFO com.iemr.flw.controller.CoupleController [http-nio-8081-exec-33] Saving pregnant woman details with timestamp : 2023-08-17 10:02:21.812
2023-08-17 10:02:22,515 INFO com.iemr.flw.controller.CoupleController [http-nio-8081-exec-32] Saving pregnant woman details with timestamp : 2023-08-17 10:02:22.515
2023-08-17 10:02:21,811 INFO com.iemr.flw.controller.CoupleController [http-nio-8081-exec-31] Saving pregnant woman details with timestamp : 2023-08-17 10:02:21.811
2023-08-17 10:02:21,811 INFO com.iemr.flw.controller.CoupleController [http-nio-8081-exec-30] Saving pregnant woman details with timestamp : 2023-08-17 10:02:21.811
2023-08-17 10:02:21,811 INFO com.iemr.flw.controller.CoupleController [http-nio-8081-exec-29] Saving pregnant woman details with timestamp : 2023-08-17 10:02:21.811
2023-08-17 10:02:21,811 INFO com.iemr.flw.controller.CoupleController [http-nio-8081-exec-28] Saving pregnant woman details with timestamp : 2023-08-17 10:02:21.811
2023-08-17 10:02:21,811 INFO com.iemr.flw.controller.CoupleController [http-nio-8081-exec-27] Saving pregnant woman details with timestamp : 2023-08-17 10:02:21.811
2023-08-17 10:02:21,811 INFO com.iemr.flw.controller.CoupleController [http-nio-8081-exec-26] Saving pregnant woman details with timestamp : 2023-08-17 10:02:21.811
2023-08-17 10:02:21,811 INFO com.iemr.flw.controller.CoupleController [http-nio-8081-exec-25] Saving pregnant woman details with timestamp : 2023-08-17 10:02:21.811
2023-08-17 10:02:21,811 INFO com.iemr.flw.controller.CoupleController [http-nio-8081-exec-54] Saving pregnant woman details with timestamp : 2023-08-17 10:02:21.811
2023-08-17 10:02:21,811 INFO com.iemr.flw.controller.CoupleController [http-nio-8081-exec-56] Saving pregnant woman details with timestamp : 2023-08-17 10:02:21.811
2023-08-17 10:02:21,811 INFO com.iemr.flw.controller.CoupleController [http-nio-8081-exec-55] Saving pregnant woman details with timestamp : 2023-08-17 10:02:21.811
2023-08-17 10:02:21,814 INFO com.iemr.flw.controller.CoupleController [http-nio-8081-exec-37] Saving pregnant woman details with timestamp : 2023-08-17 10:02:21.814
2023-08-17 10:02:21,811 INFO com.iemr.flw.controller.CoupleController [http-nio-8081-exec-58] Saving pregnant woman details with timestamp : 2023-08-17 10:02:21.811
2023-08-17 10:02:21,811 INFO com.iemr.flw.controller.CoupleController [http-nio-8081-exec-60] Saving pregnant woman details with timestamp : 2023-08-17 10:02:21.811
2023-08-17 10:02:21,811 INFO com.iemr.flw.controller.CoupleController [http-nio-8081-exec-53] Saving pregnant woman details with timestamp : 2023-08-17 10:02:21.811
2023-08-17 10:02:21,811 INFO com.iemr.flw.controller.CoupleController [http-nio-8081-exec-61] Saving pregnant woman details with timestamp : 2023-08-17 10:02:21.811
2023-08-17 10:02:21,811 INFO com.iemr.flw.controller.CoupleController [http-nio-8081-exec-64] Saving pregnant woman details with timestamp : 2023-08-17 10:02:21.811
2023-08-17 10:02:21,811 INFO com.iemr.flw.controller.CoupleController [http-nio-8081-exec-69] Saving pregnant woman details with timestamp : 2023-08-17 10:02:21.811
2023-08-17 10:02:21,811 INFO com.iemr.flw.controller.CoupleController [http-nio-8081-exec-70] Saving pregnant woman details with timestamp : 2023-08-17 10:02:21.811
2023-08-17 10:02:22,515 INFO com.iemr.flw.controller.CoupleController [http-nio-8081-exec-71] Saving pregnant woman details with timestamp : 2023-08-17 10:02:22.515
2023-08-17 10:02:21,811 INFO com.iemr.flw.controller.CoupleController [http-nio-8081-exec-72] Saving pregnant woman details with timestamp : 2023-08-17 10:02:21.811
2023-08-17 10:02:21,808 INFO com.iemr.flw.controller.CoupleController [http-nio-8081-exec-79] Saving pregnant woman details with timestamp : 2023-08-17 10:02:21.808
2023-08-17 10:02:21,808 INFO com.iemr.flw.controller.CoupleController [http-nio-8081-exec-77] Saving pregnant woman details with timestamp : 2023-08-17 10:02:21.808
2023-08-17 10:02:21,808 INFO com.iemr.flw.controller.CoupleController [http-nio-8081-exec-76] Saving pregnant woman details with timestamp : 2023-08-17 10:02:21.808
2023-08-17 10:02:21,808 INFO com.iemr.flw.controller.CoupleController [http-nio-8081-exec-68] Saving pregnant woman details with timestamp : 2023-08-17 10:02:21.808
2023-08-17 10:02:22,506 INFO com.iemr.flw.controller.CoupleController [http-nio-8081-exec-73] Saving pregnant woman details with timestamp : 2023-08-17 10:02:22.506
2023-08-17 10:02:21,811 INFO com.iemr.flw.controller.CoupleController [http-nio-8081-exec-57] Saving pregnant woman details with timestamp : 2023-08-17 10:02:21.811
2023-08-17 10:02:38,215 WARN org.hibernate.engine.jdbc.spi.SqlExceptionHelper [http-nio-8081-exec-21] SQL Error: 1292, SQLState: 22001
2023-08-17 10:02:38,215 ERROR org.hibernate.engine.jdbc.spi.SqlExceptionHelper [http-nio-8081-exec-21] Data truncation: Incorrect datetime value: '1970-01-01 05:30:00' for column 'date_of_hbs_ag_test' at row 1
2023-08-17 10:02:38,216 INFO org.hibernate.engine.jdbc.batch.internal.AbstractBatchImpl [http-nio-8081-exec-21] HHH000010: On release of batch it still contained JDBC statements
2023-08-17 10:02:38,463 WARN org.hibernate.engine.jdbc.spi.SqlExceptionHelper [http-nio-8081-exec-20] SQL Error: 1292, SQLState: 22001
2023-08-17 10:02:38,464 ERROR org.hibernate.engine.jdbc.spi.SqlExceptionHelper [http-nio-8081-exec-20] Data truncation: Incorrect datetime value: '1970-01-01 05:30:00' for column 'date_of_hbs_ag_test' at row 1
2023-08-17 10:02:38,471 INFO org.hibernate.engine.jdbc.batch.internal.AbstractBatchImpl [http-nio-8081-exec-20] HHH000010: On release of batch it still contained JDBC statements
2023-08-17 10:02:38,576 ERROR com.iemr.flw.service.impl.PregnantWomanServiceImpl [http-nio-8081-exec-21] could not execute statement; SQL [n/a]; nested exception is org.hibernate.exception.DataException: could not execute statement
2023-08-17 10:02:38,603 WARN org.hibernate.engine.jdbc.spi.SqlExceptionHelper [http-nio-8081-exec-10] SQL Error: 1292, SQLState: 22001
2023-08-17 10:02:38,603 ERROR org.hibernate.engine.jdbc.spi.SqlExceptionHelper [http-nio-8081-exec-10] Data truncation: Incorrect datetime value: '1970-01-01 05:30:00' for column 'date_of_hbs_ag_test' at row 1
2023-08-17 10:02:38,603 INFO org.hibernate.engine.jdbc.batch.internal.AbstractBatchImpl [http-nio-8081-exec-10] HHH000010: On release of batch it still contained JDBC statements
2023-08-17 10:02:38,817 ERROR com.iemr.flw.service.impl.PregnantWomanServiceImpl [http-nio-8081-exec-20] could not execute statement; SQL [n/a]; nested exception is org.hibernate.exception.DataException: could not execute statement
2023-08-17 10:02:38,818 WARN org.hibernate.engine.jdbc.spi.SqlExceptionHelper [http-nio-8081-exec-43] SQL Error: 1292, SQLState: 22001
2023-08-17 10:02:38,818 ERROR org.hibernate.engine.jdbc.spi.SqlExceptionHelper [http-nio-8081-exec-43] Data truncation: Incorrect datetime value: '1970-01-01 05:30:00' for column 'date_of_hbs_ag_test' at row 1
2023-08-17 10:02:38,818 INFO org.hibernate.engine.jdbc.batch.internal.AbstractBatchImpl [http-nio-8081-exec-43] HHH000010: On release of batch it still contained JDBC statements
2023-08-17 10:02:38,967 ERROR com.iemr.flw.service.impl.PregnantWomanServiceImpl [http-nio-8081-exec-10] could not execute statement; SQL [n/a]; nested exception is org.hibernate.exception.DataException: could not execute statement
2023-08-17 10:02:38,990 WARN org.hibernate.engine.jdbc.spi.SqlExceptionHelper [http-nio-8081-exec-47] SQL Error: 1292, SQLState: 22001
2023-08-17 10:02:38,990 ERROR org.hibernate.engine.jdbc.spi.SqlExceptionHelper [http-nio-8081-exec-47] Data truncation: Incorrect datetime value: '1970-01-01 05:30:00' for column 'date_of_hbs_ag_test' at row 1
2023-08-17 10:02:38,990 INFO org.hibernate.engine.jdbc.batch.internal.AbstractBatchImpl [http-nio-8081-exec-47] HHH000010: On release of batch it still contained JDBC statements
2023-08-17 10:02:39,190 ERROR com.iemr.flw.service.impl.PregnantWomanServiceImpl [http-nio-8081-exec-43] could not execute statement; SQL [n/a]; nested exception is org.hibernate.exception.DataException: could not execute statement
2023-08-17 10:02:39,192 WARN org.hibernate.engine.jdbc.spi.SqlExceptionHelper [http-nio-8081-exec-86] SQL Error: 1292, SQLState: 22001
2023-08-17 10:02:39,192 ERROR org.hibernate.engine.jdbc.spi.SqlExceptionHelper [http-nio-8081-exec-86] Data truncation: Incorrect datetime value: '1970-01-01 05:30:00' for column 'date_of_hbs_ag_test' at row 1
2023-08-17 10:02:39,192 INFO org.hibernate.engine.jdbc.batch.internal.AbstractBatchImpl [http-nio-8081-exec-86] HHH000010: On release of batch it still contained JDBC statements
2023-08-17 10:02:39,322 ERROR com.iemr.flw.service.impl.PregnantWomanServiceImpl [http-nio-8081-exec-47] could not execute statement; SQL [n/a]; nested exception is org.hibernate.exception.DataException: could not execute statement
2023-08-17 10:02:39,322 WARN org.hibernate.engine.jdbc.spi.SqlExceptionHelper [http-nio-8081-exec-17] SQL Error: 1292, SQLState: 22001
2023-08-17 10:02:39,322 ERROR org.hibernate.engine.jdbc.spi.SqlExceptionHelper [http-nio-8081-exec-17] Data truncation: Incorrect datetime value: '1970-01-01 05:30:00' for column 'date_of_hbs_ag_test' at row 1
2023-08-17 10:02:39,322 INFO org.hibernate.engine.jdbc.batch.internal.AbstractBatchImpl [http-nio-8081-exec-17] HHH000010: On release of batch it still contained JDBC statements
2023-08-17 10:02:39,458 ERROR com.iemr.flw.service.impl.PregnantWomanServiceImpl [http-nio-8081-exec-86] could not execute statement; SQL [n/a]; nested exception is org.hibernate.exception.DataException: could not execute statement
2023-08-17 10:02:39,458 WARN org.hibernate.engine.jdbc.spi.SqlExceptionHelper [http-nio-8081-exec-14] SQL Error: 1292, SQLState: 22001
2023-08-17 10:02:39,458 ERROR org.hibernate.engine.jdbc.spi.SqlExceptionHelper [http-nio-8081-exec-14] Data truncation: Incorrect datetime value: '1970-01-01 05:30:00' for column 'date_of_hbs_ag_test' at row 1
2023-08-17 10:02:39,458 INFO org.hibernate.engine.jdbc.batch.internal.AbstractBatchImpl [http-nio-8081-exec-14] HHH000010: On release of batch it still contained JDBC statements
2023-08-17 10:02:39,594 ERROR com.iemr.flw.service.impl.PregnantWomanServiceImpl [http-nio-8081-exec-17] could not execute statement; SQL [n/a]; nested exception is org.hibernate.exception.DataException: could not execute statement
2023-08-17 10:02:39,595 WARN org.hibernate.engine.jdbc.spi.SqlExceptionHelper [http-nio-8081-exec-16] SQL Error: 1292, SQLState: 22001
2023-08-17 10:02:39,595 ERROR org.hibernate.engine.jdbc.spi.SqlExceptionHelper [http-nio-8081-exec-16] Data truncation: Incorrect datetime value: '1970-01-01 05:30:00' for column 'date_of_hbs_ag_test' at row 1
2023-08-17 10:02:39,596 INFO org.hibernate.engine.jdbc.batch.internal.AbstractBatchImpl [http-nio-8081-exec-16] HHH000010: On release of batch it still contained JDBC statements
2023-08-17 10:02:39,775 ERROR com.iemr.flw.service.impl.PregnantWomanServiceImpl [http-nio-8081-exec-14] could not execute statement; SQL [n/a]; nested exception is org.hibernate.exception.DataException: could not execute statement
2023-08-17 10:02:39,777 WARN org.hibernate.engine.jdbc.spi.SqlExceptionHelper [http-nio-8081-exec-15] SQL Error: 1292, SQLState: 22001
2023-08-17 10:02:39,778 ERROR org.hibernate.engine.jdbc.spi.SqlExceptionHelper [http-nio-8081-exec-15] Data truncation: Incorrect datetime value: '1970-01-01 05:30:00' for column 'date_of_hbs_ag_test' at row 1
2023-08-17 10:02:39,778 INFO org.hibernate.engine.jdbc.batch.internal.AbstractBatchImpl [http-nio-8081-exec-15] HHH000010: On release of batch it still contained JDBC statements
2023-08-17 10:02:39,903 ERROR com.iemr.flw.service.impl.PregnantWomanServiceImpl [http-nio-8081-exec-16] could not execute statement; SQL [n/a]; nested exception is org.hibernate.exception.DataException: could not execute statement
2023-08-17 10:02:39,907 WARN org.hibernate.engine.jdbc.spi.SqlExceptionHelper [http-nio-8081-exec-97] SQL Error: 1292, SQLState: 22001
2023-08-17 10:02:39,908 ERROR org.hibernate.engine.jdbc.spi.SqlExceptionHelper [http-nio-8081-exec-97] Data truncation: Incorrect datetime value: '1970-01-01 05:30:00' for column 'date_of_hbs_ag_test' at row 1
2023-08-17 10:02:39,908 INFO org.hibernate.engine.jdbc.batch.internal.AbstractBatchImpl [http-nio-8081-exec-97] HHH000010: On release of batch it still contained JDBC statements
2023-08-17 10:02:40,085 WARN org.hibernate.engine.jdbc.spi.SqlExceptionHelper [http-nio-8081-exec-49] SQL Error: 1292, SQLState: 22001
2023-08-17 10:02:40,085 ERROR com.iemr.flw.service.impl.PregnantWomanServiceImpl [http-nio-8081-exec-15] could not execute statement; SQL [n/a]; nested exception is org.hibernate.exception.DataException: could not execute statement
2023-08-17 10:02:40,085 ERROR org.hibernate.engine.jdbc.spi.SqlExceptionHelper [http-nio-8081-exec-49] Data truncation: Incorrect datetime value: '1970-01-01 05:30:00' for column 'date_of_hbs_ag_test' at row 1
2023-08-17 10:02:40,085 INFO org.hibernate.engine.jdbc.batch.internal.AbstractBatchImpl [http-nio-8081-exec-49] HHH000010: On release of batch it still contained JDBC statements
2023-08-17 10:02:40,213 WARN org.hibernate.engine.jdbc.spi.SqlExceptionHelper [http-nio-8081-exec-9] SQL Error: 1292, SQLState: 22001
2023-08-17 10:02:40,214 ERROR org.hibernate.engine.jdbc.spi.SqlExceptionHelper [http-nio-8081-exec-9] Data truncation: Incorrect datetime value: '1970-01-01 05:30:00' for column 'date_of_hbs_ag_test' at row 1
2023-08-17 10:02:40,214 INFO org.hibernate.engine.jdbc.batch.internal.AbstractBatchImpl [http-nio-8081-exec-9] HHH000010: On release of batch it still contained JDBC statements
2023-08-17 10:02:40,214 ERROR com.iemr.flw.service.impl.PregnantWomanServiceImpl [http-nio-8081-exec-97] could not execute statement; SQL [n/a]; nested exception is org.hibernate.exception.DataException: could not execute statement
2023-08-17 10:02:40,638 ERROR com.iemr.flw.service.impl.PregnantWomanServiceImpl [http-nio-8081-exec-49] could not execute statement; SQL [n/a]; nested exception is org.hibernate.exception.DataException: could not execute statement
2023-08-17 10:02:40,645 WARN org.hibernate.engine.jdbc.spi.SqlExceptionHelper [http-nio-8081-exec-2] SQL Error: 1292, SQLState: 22001
2023-08-17 10:02:40,645 ERROR org.hibernate.engine.jdbc.spi.SqlExceptionHelper [http-nio-8081-exec-2] Data truncation: Incorrect datetime value: '1970-01-01 05:30:00' for column 'date_of_hbs_ag_test' at row 1
2023-08-17 10:02:40,646 INFO org.hibernate.engine.jdbc.batch.internal.AbstractBatchImpl [http-nio-8081-exec-2] HHH000010: On release of batch it still contained JDBC statements
2023-08-17 10:02:40,765 ERROR com.iemr.flw.service.impl.PregnantWomanServiceImpl [http-nio-8081-exec-9] could not execute statement; SQL [n/a]; nested exception is org.hibernate.exception.DataException: could not execute statement
2023-08-17 10:02:40,836 WARN org.hibernate.engine.jdbc.spi.SqlExceptionHelper [http-nio-8081-exec-81] SQL Error: 1292, SQLState: 22001
2023-08-17 10:02:40,836 ERROR org.hibernate.engine.jdbc.spi.SqlExceptionHelper [http-nio-8081-exec-81] Data truncation: Incorrect datetime value: '1970-01-01 05:30:00' for column 'date_of_hbs_ag_test' at row 1
2023-08-17 10:02:40,836 INFO org.hibernate.engine.jdbc.batch.internal.AbstractBatchImpl [http-nio-8081-exec-81] HHH000010: On release of batch it still contained JDBC statements
2023-08-17 10:02:41,040 ERROR com.iemr.flw.service.impl.PregnantWomanServiceImpl [http-nio-8081-exec-2] could not execute statement; SQL [n/a]; nested exception is org.hibernate.exception.DataException: could not execute statement
2023-08-17 10:02:41,040 WARN org.hibernate.engine.jdbc.spi.SqlExceptionHelper [http-nio-8081-exec-82] SQL Error: 1292, SQLState: 22001
2023-08-17 10:02:41,040 ERROR org.hibernate.engine.jdbc.spi.SqlExceptionHelper [http-nio-8081-exec-82] Data truncation: Incorrect datetime value: '1970-01-01 05:30:00' for column 'date_of_hbs_ag_test' at row 1
2023-08-17 10:02:41,040 INFO org.hibernate.engine.jdbc.batch.internal.AbstractBatchImpl [http-nio-8081-exec-82] HHH000010: On release of batch it still contained JDBC statements
2023-08-17 10:02:41,316 ERROR com.iemr.flw.service.impl.PregnantWomanServiceImpl [http-nio-8081-exec-81] could not execute statement; SQL [n/a]; nested exception is org.hibernate.exception.DataException: could not execute statement
2023-08-17 10:02:41,316 WARN org.hibernate.engine.jdbc.spi.SqlExceptionHelper [http-nio-8081-exec-55] SQL Error: 1292, SQLState: 22001
2023-08-17 10:02:41,316 ERROR org.hibernate.engine.jdbc.spi.SqlExceptionHelper [http-nio-8081-exec-55] Data truncation: Incorrect datetime value: '1970-01-01 05:30:00' for column 'date_of_hbs_ag_test' at row 1
2023-08-17 10:02:41,317 INFO org.hibernate.engine.jdbc.batch.internal.AbstractBatchImpl [http-nio-8081-exec-55] HHH000010: On release of batch it still contained JDBC statements
2023-08-17 10:02:41,484 WARN org.hibernate.engine.jdbc.spi.SqlExceptionHelper [http-nio-8081-exec-35] SQL Error: 1292, SQLState: 22001
2023-08-17 10:02:41,484 ERROR com.iemr.flw.service.impl.PregnantWomanServiceImpl [http-nio-8081-exec-82] could not execute statement; SQL [n/a]; nested exception is org.hibernate.exception.DataException: could not execute statement
2023-08-17 10:02:41,484 ERROR org.hibernate.engine.jdbc.spi.SqlExceptionHelper [http-nio-8081-exec-35] Data truncation: Incorrect datetime value: '1970-01-01 05:30:00' for column 'date_of_hbs_ag_test' at row 1
2023-08-17 10:02:41,485 INFO org.hibernate.engine.jdbc.batch.internal.AbstractBatchImpl [http-nio-8081-exec-35] HHH000010: On release of batch it still contained JDBC statements
2023-08-17 10:02:41,723 ERROR com.iemr.flw.service.impl.PregnantWomanServiceImpl [http-nio-8081-exec-55] could not execute statement; SQL [n/a]; nested exception is org.hibernate.exception.DataException: could not execute statement
2023-08-17 10:02:41,723 WARN org.hibernate.engine.jdbc.spi.SqlExceptionHelper [http-nio-8081-exec-75] SQL Error: 1292, SQLState: 22001
2023-08-17 10:02:41,723 ERROR org.hibernate.engine.jdbc.spi.SqlExceptionHelper [http-nio-8081-exec-75] Data truncation: Incorrect datetime value: '1970-01-01 05:30:00' for column 'date_of_hbs_ag_test' at row 1
2023-08-17 10:02:41,723 INFO org.hibernate.engine.jdbc.batch.internal.AbstractBatchImpl [http-nio-8081-exec-75] HHH000010: On release of batch it still contained JDBC statements
2023-08-17 10:02:41,894 ERROR com.iemr.flw.service.impl.PregnantWomanServiceImpl [http-nio-8081-exec-35] could not execute statement; SQL [n/a]; nested exception is org.hibernate.exception.DataException: could not execute statement
2023-08-17 10:02:41,898 WARN org.hibernate.engine.jdbc.spi.SqlExceptionHelper [http-nio-8081-exec-84] SQL Error: 1292, SQLState: 22001
2023-08-17 10:02:41,898 ERROR org.hibernate.engine.jdbc.spi.SqlExceptionHelper [http-nio-8081-exec-84] Data truncation: Incorrect datetime value: '1970-01-01 05:30:00' for column 'date_of_hbs_ag_test' at row 1
2023-08-17 10:02:41,898 INFO org.hibernate.engine.jdbc.batch.internal.AbstractBatchImpl [http-nio-8081-exec-84] HHH000010: On release of batch it still contained JDBC statements
2023-08-17 10:02:42,144 ERROR com.iemr.flw.service.impl.PregnantWomanServiceImpl [http-nio-8081-exec-75] could not execute statement; SQL [n/a]; nested exception is org.hibernate.exception.DataException: could not execute statement
2023-08-17 10:02:42,147 WARN org.hibernate.engine.jdbc.spi.SqlExceptionHelper [http-nio-8081-exec-22] SQL Error: 1292, SQLState: 22001
2023-08-17 10:02:42,147 ERROR org.hibernate.engine.jdbc.spi.SqlExceptionHelper [http-nio-8081-exec-22] Data truncation: Incorrect datetime value: '1970-01-01 05:30:00' for column 'date_of_hbs_ag_test' at row 1
2023-08-17 10:02:42,147 INFO org.hibernate.engine.jdbc.batch.internal.AbstractBatchImpl [http-nio-8081-exec-22] HHH000010: On release of batch it still contained JDBC statements
2023-08-17 10:02:42,299 ERROR com.iemr.flw.service.impl.PregnantWomanServiceImpl [http-nio-8081-exec-84] could not execute statement; SQL [n/a]; nested exception is org.hibernate.exception.DataException: could not execute statement
2023-08-17 10:02:42,452 WARN org.hibernate.engine.jdbc.spi.SqlExceptionHelper [http-nio-8081-exec-80] SQL Error: 1292, SQLState: 22001
2023-08-17 10:02:42,453 ERROR org.hibernate.engine.jdbc.spi.SqlExceptionHelper [http-nio-8081-exec-80] Data truncation: Incorrect datetime value: '1970-01-01 05:30:00' for column 'date_of_hbs_ag_test' at row 1
2023-08-17 10:02:42,453 INFO org.hibernate.engine.jdbc.batch.internal.AbstractBatchImpl [http-nio-8081-exec-80] HHH000010: On release of batch it still contained JDBC statements
2023-08-17 10:02:42,582 WARN org.hibernate.engine.jdbc.spi.SqlExceptionHelper [http-nio-8081-exec-85] SQL Error: 1292, SQLState: 22001
2023-08-17 10:02:42,582 ERROR com.iemr.flw.service.impl.PregnantWomanServiceImpl [http-nio-8081-exec-22] could not execute statement; SQL [n/a]; nested exception is org.hibernate.exception.DataException: could not execute statement
2023-08-17 10:02:42,582 ERROR org.hibernate.engine.jdbc.spi.SqlExceptionHelper [http-nio-8081-exec-85] Data truncation: Incorrect datetime value: '1970-01-01 05:30:00' for column 'date_of_hbs_ag_test' at row 1
2023-08-17 10:02:42,582 INFO org.hibernate.engine.jdbc.batch.internal.AbstractBatchImpl [http-nio-8081-exec-85] HHH000010: On release of batch it still contained JDBC statements
2023-08-17 10:02:42,887 ERROR com.iemr.flw.service.impl.PregnantWomanServiceImpl [http-nio-8081-exec-80] could not execute statement; SQL [n/a]; nested exception is org.hibernate.exception.DataException: could not execute statement
2023-08-17 10:02:42,888 WARN org.hibernate.engine.jdbc.spi.SqlExceptionHelper [http-nio-8081-exec-61] SQL Error: 1292, SQLState: 22001
2023-08-17 10:02:42,889 ERROR org.hibernate.engine.jdbc.spi.SqlExceptionHelper [http-nio-8081-exec-61] Data truncation: Incorrect datetime value: '1970-01-01 05:30:00' for column 'date_of_hbs_ag_test' at row 1
2023-08-17 10:02:42,890 INFO org.hibernate.engine.jdbc.batch.internal.AbstractBatchImpl [http-nio-8081-exec-61] HHH000010: On release of batch it still contained JDBC statements
2023-08-17 10:02:43,020 ERROR com.iemr.flw.service.impl.PregnantWomanServiceImpl [http-nio-8081-exec-85] could not execute statement; SQL [n/a]; nested exception is org.hibernate.exception.DataException: could not execute statement
2023-08-17 10:02:43,020 WARN org.hibernate.engine.jdbc.spi.SqlExceptionHelper [http-nio-8081-exec-83] SQL Error: 1292, SQLState: 22001
2023-08-17 10:02:43,020 ERROR org.hibernate.engine.jdbc.spi.SqlExceptionHelper [http-nio-8081-exec-83] Data truncation: Incorrect datetime value: '1970-01-01 05:30:00' for column 'date_of_hbs_ag_test' at row 1
2023-08-17 10:02:43,020 INFO org.hibernate.engine.jdbc.batch.internal.AbstractBatchImpl [http-nio-8081-exec-83] HHH000010: On release of batch it still contained JDBC statements
2023-08-17 10:02:43,342 WARN org.hibernate.engine.jdbc.spi.SqlExceptionHelper [http-nio-8081-exec-65] SQL Error: 1292, SQLState: 22001
2023-08-17 10:02:43,342 ERROR com.iemr.flw.service.impl.PregnantWomanServiceImpl [http-nio-8081-exec-61] could not execute statement; SQL [n/a]; nested exception is org.hibernate.exception.DataException: could not execute statement
2023-08-17 10:02:43,342 ERROR org.hibernate.engine.jdbc.spi.SqlExceptionHelper [http-nio-8081-exec-65] Data truncation: Incorrect datetime value: '1970-01-01 05:30:00' for column 'date_of_hbs_ag_test' at row 1
2023-08-17 10:02:43,343 INFO org.hibernate.engine.jdbc.batch.internal.AbstractBatchImpl [http-nio-8081-exec-65] HHH000010: On release of batch it still contained JDBC statements
2023-08-17 10:02:43,503 ERROR com.iemr.flw.service.impl.PregnantWomanServiceImpl [http-nio-8081-exec-83] could not execute statement; SQL [n/a]; nested exception is org.hibernate.exception.DataException: could not execute statement
2023-08-17 10:02:43,503 WARN org.hibernate.engine.jdbc.spi.SqlExceptionHelper [http-nio-8081-exec-66] SQL Error: 1292, SQLState: 22001
2023-08-17 10:02:43,503 ERROR org.hibernate.engine.jdbc.spi.SqlExceptionHelper [http-nio-8081-exec-66] Data truncation: Incorrect datetime value: '1970-01-01 05:30:00' for column 'date_of_hbs_ag_test' at row 1
2023-08-17 10:02:43,503 INFO org.hibernate.engine.jdbc.batch.internal.AbstractBatchImpl [http-nio-8081-exec-66] HHH000010: On release of batch it still contained JDBC statements
2023-08-17 10:02:43,731 ERROR com.iemr.flw.service.impl.PregnantWomanServiceImpl [http-nio-8081-exec-65] could not execute statement; SQL [n/a]; nested exception is org.hibernate.exception.DataException: could not execute statement
2023-08-17 10:02:43,731 WARN org.hibernate.engine.jdbc.spi.SqlExceptionHelper [http-nio-8081-exec-5] SQL Error: 1292, SQLState: 22001
2023-08-17 10:02:43,731 ERROR org.hibernate.engine.jdbc.spi.SqlExceptionHelper [http-nio-8081-exec-5] Data truncation: Incorrect datetime value: '1970-01-01 05:30:00' for column 'date_of_hbs_ag_test' at row 1
2023-08-17 10:02:43,731 INFO org.hibernate.engine.jdbc.batch.internal.AbstractBatchImpl [http-nio-8081-exec-5] HHH000010: On release of batch it still contained JDBC statements
2023-08-17 10:02:43,852 WARN org.hibernate.engine.jdbc.spi.SqlExceptionHelper [http-nio-8081-exec-19] SQL Error: 1292, SQLState: 22001
2023-08-17 10:02:43,852 ERROR org.hibernate.engine.jdbc.spi.SqlExceptionHelper [http-nio-8081-exec-19] Data truncation: Incorrect datetime value: '1970-01-01 05:30:00' for column 'date_of_hbs_ag_test' at row 1
2023-08-17 10:02:43,852 INFO org.hibernate.engine.jdbc.batch.internal.AbstractBatchImpl [http-nio-8081-exec-19] HHH000010: On release of batch it still contained JDBC statements
2023-08-17 10:02:43,853 ERROR com.iemr.flw.service.impl.PregnantWomanServiceImpl [http-nio-8081-exec-66] could not execute statement; SQL [n/a]; nested exception is org.hibernate.exception.DataException: could not execute statement
2023-08-17 10:02:43,998 ERROR com.iemr.flw.service.impl.PregnantWomanServiceImpl [http-nio-8081-exec-5] could not execute statement; SQL [n/a]; nested exception is org.hibernate.exception.DataException: could not execute statement
2023-08-17 10:02:44,000 WARN org.hibernate.engine.jdbc.spi.SqlExceptionHelper [http-nio-8081-exec-62] SQL Error: 1292, SQLState: 22001
2023-08-17 10:02:44,000 ERROR org.hibernate.engine.jdbc.spi.SqlExceptionHelper [http-nio-8081-exec-62] Data truncation: Incorrect datetime value: '1970-01-01 05:30:00' for column 'date_of_hbs_ag_test' at row 1
2023-08-17 10:02:44,000 INFO org.hibernate.engine.jdbc.batch.internal.AbstractBatchImpl [http-nio-8081-exec-62] HHH000010: On release of batch it still contained JDBC statements
2023-08-17 10:02:44,319 WARN org.hibernate.engine.jdbc.spi.SqlExceptionHelper [http-nio-8081-exec-87] SQL Error: 1292, SQLState: 22001
2023-08-17 10:02:44,319 ERROR org.hibernate.engine.jdbc.spi.SqlExceptionHelper [http-nio-8081-exec-87] Data truncation: Incorrect datetime value: '1970-01-01 05:30:00' for column 'date_of_hbs_ag_test' at row 1
2023-08-17 10:02:44,319 INFO org.hibernate.engine.jdbc.batch.internal.AbstractBatchImpl [http-nio-8081-exec-87] HHH000010: On release of batch it still contained JDBC statements
2023-08-17 10:02:44,320 ERROR com.iemr.flw.service.impl.PregnantWomanServiceImpl [http-nio-8081-exec-19] could not execute statement; SQL [n/a]; nested exception is org.hibernate.exception.DataException: could not execute statement
2023-08-17 10:02:44,465 WARN org.hibernate.engine.jdbc.spi.SqlExceptionHelper [http-nio-8081-exec-37] SQL Error: 1292, SQLState: 22001
2023-08-17 10:02:44,465 ERROR com.iemr.flw.service.impl.PregnantWomanServiceImpl [http-nio-8081-exec-62] could not execute statement; SQL [n/a]; nested exception is org.hibernate.exception.DataException: could not execute statement
2023-08-17 10:02:44,465 ERROR org.hibernate.engine.jdbc.spi.SqlExceptionHelper [http-nio-8081-exec-37] Data truncation: Incorrect datetime value: '1970-01-01 05:30:00' for column 'date_of_hbs_ag_test' at row 1
2023-08-17 10:02:44,466 INFO org.hibernate.engine.jdbc.batch.internal.AbstractBatchImpl [http-nio-8081-exec-37] HHH000010: On release of batch it still contained JDBC statements
2023-08-17 10:02:44,592 ERROR com.iemr.flw.service.impl.PregnantWomanServiceImpl [http-nio-8081-exec-87] could not execute statement; SQL [n/a]; nested exception is org.hibernate.exception.DataException: could not execute statement
2023-08-17 10:02:44,593 WARN org.hibernate.engine.jdbc.spi.SqlExceptionHelper [http-nio-8081-exec-63] SQL Error: 1292, SQLState: 22001
2023-08-17 10:02:44,593 ERROR org.hibernate.engine.jdbc.spi.SqlExceptionHelper [http-nio-8081-exec-63] Data truncation: Incorrect datetime value: '1970-01-01 05:30:00' for column 'date_of_hbs_ag_test' at row 1
2023-08-17 10:02:44,593 INFO org.hibernate.engine.jdbc.batch.internal.AbstractBatchImpl [http-nio-8081-exec-63] HHH000010: On release of batch it still contained JDBC statements
2023-08-17 10:02:44,862 ERROR com.iemr.flw.service.impl.PregnantWomanServiceImpl [http-nio-8081-exec-37] could not execute statement; SQL [n/a]; nested exception is org.hibernate.exception.DataException: could not execute statement
2023-08-17 10:02:44,862 WARN org.hibernate.engine.jdbc.spi.SqlExceptionHelper [http-nio-8081-exec-74] SQL Error: 1292, SQLState: 22001
2023-08-17 10:02:44,863 ERROR org.hibernate.engine.jdbc.spi.SqlExceptionHelper [http-nio-8081-exec-74] Data truncation: Incorrect datetime value: '1970-01-01 05:30:00' for column 'date_of_hbs_ag_test' at row 1
2023-08-17 10:02:44,863 INFO org.hibernate.engine.jdbc.batch.internal.AbstractBatchImpl [http-nio-8081-exec-74] HHH000010: On release of batch it still contained JDBC statements
2023-08-17 10:02:45,009 ERROR com.iemr.flw.service.impl.PregnantWomanServiceImpl [http-nio-8081-exec-63] could not execute statement; SQL [n/a]; nested exception is org.hibernate.exception.DataException: could not execute statement
2023-08-17 10:02:45,092 WARN org.hibernate.engine.jdbc.spi.SqlExceptionHelper [http-nio-8081-exec-88] SQL Error: 1292, SQLState: 22001
2023-08-17 10:02:45,092 ERROR org.hibernate.engine.jdbc.spi.SqlExceptionHelper [http-nio-8081-exec-88] Data truncation: Incorrect datetime value: '1970-01-01 05:30:00' for column 'date_of_hbs_ag_test' at row 1
2023-08-17 10:02:45,092 INFO org.hibernate.engine.jdbc.batch.internal.AbstractBatchImpl [http-nio-8081-exec-88] HHH000010: On release of batch it still contained JDBC statements
2023-08-17 10:02:45,225 ERROR com.iemr.flw.service.impl.PregnantWomanServiceImpl [http-nio-8081-exec-74] could not execute statement; SQL [n/a]; nested exception is org.hibernate.exception.DataException: could not execute statement
2023-08-17 10:02:45,299 WARN org.hibernate.engine.jdbc.spi.SqlExceptionHelper [http-nio-8081-exec-71] SQL Error: 1292, SQLState: 22001
2023-08-17 10:02:45,299 ERROR org.hibernate.engine.jdbc.spi.SqlExceptionHelper [http-nio-8081-exec-71] Data truncation: Incorrect datetime value: '1970-01-01 05:30:00' for column 'date_of_hbs_ag_test' at row 1
2023-08-17 10:02:45,299 INFO org.hibernate.engine.jdbc.batch.internal.AbstractBatchImpl [http-nio-8081-exec-71] HHH000010: On release of batch it still contained JDBC statements
2023-08-17 10:02:45,485 ERROR com.iemr.flw.service.impl.PregnantWomanServiceImpl [http-nio-8081-exec-88] could not execute statement; SQL [n/a]; nested exception is org.hibernate.exception.DataException: could not execute statement
2023-08-17 10:02:45,485 WARN org.hibernate.engine.jdbc.spi.SqlExceptionHelper [http-nio-8081-exec-58] SQL Error: 1292, SQLState: 22001
2023-08-17 10:02:45,486 ERROR org.hibernate.engine.jdbc.spi.SqlExceptionHelper [http-nio-8081-exec-58] Data truncation: Incorrect datetime value: '1970-01-01 05:30:00' for column 'date_of_hbs_ag_test' at row 1
2023-08-17 10:02:45,486 INFO org.hibernate.engine.jdbc.batch.internal.AbstractBatchImpl [http-nio-8081-exec-58] HHH000010: On release of batch it still contained JDBC statements
2023-08-17 10:02:45,760 WARN org.hibernate.engine.jdbc.spi.SqlExceptionHelper [http-nio-8081-exec-64] SQL Error: 1292, SQLState: 22001
2023-08-17 10:02:45,760 ERROR com.iemr.flw.service.impl.PregnantWomanServiceImpl [http-nio-8081-exec-71] could not execute statement; SQL [n/a]; nested exception is org.hibernate.exception.DataException: could not execute statement
2023-08-17 10:02:45,760 ERROR org.hibernate.engine.jdbc.spi.SqlExceptionHelper [http-nio-8081-exec-64] Data truncation: Incorrect datetime value: '1970-01-01 05:30:00' for column 'date_of_hbs_ag_test' at row 1
2023-08-17 10:02:45,760 INFO org.hibernate.engine.jdbc.batch.internal.AbstractBatchImpl [http-nio-8081-exec-64] HHH000010: On release of batch it still contained JDBC statements
2023-08-17 10:02:45,880 WARN org.hibernate.engine.jdbc.spi.SqlExceptionHelper [http-nio-8081-exec-36] SQL Error: 1292, SQLState: 22001
2023-08-17 10:02:45,880 ERROR org.hibernate.engine.jdbc.spi.SqlExceptionHelper [http-nio-8081-exec-36] Data truncation: Incorrect datetime value: '1970-01-01 05:30:00' for column 'date_of_hbs_ag_test' at row 1
2023-08-17 10:02:45,880 ERROR com.iemr.flw.service.impl.PregnantWomanServiceImpl [http-nio-8081-exec-58] could not execute statement; SQL [n/a]; nested exception is org.hibernate.exception.DataException: could not execute statement
2023-08-17 10:02:45,880 INFO org.hibernate.engine.jdbc.batch.internal.AbstractBatchImpl [http-nio-8081-exec-36] HHH000010: On release of batch it still contained JDBC statements
2023-08-17 10:02:46,154 WARN org.hibernate.engine.jdbc.spi.SqlExceptionHelper [http-nio-8081-exec-34] SQL Error: 1292, SQLState: 22001
2023-08-17 10:02:46,154 ERROR org.hibernate.engine.jdbc.spi.SqlExceptionHelper [http-nio-8081-exec-34] Data truncation: Incorrect datetime value: '1970-01-01 05:30:00' for column 'date_of_hbs_ag_test' at row 1
2023-08-17 10:02:46,154 ERROR com.iemr.flw.service.impl.PregnantWomanServiceImpl [http-nio-8081-exec-64] could not execute statement; SQL [n/a]; nested exception is org.hibernate.exception.DataException: could not execute statement
2023-08-17 10:02:46,154 INFO org.hibernate.engine.jdbc.batch.internal.AbstractBatchImpl [http-nio-8081-exec-34] HHH000010: On release of batch it still contained JDBC statements
2023-08-17 10:02:46,307 ERROR com.iemr.flw.service.impl.PregnantWomanServiceImpl [http-nio-8081-exec-36] could not execute statement; SQL [n/a]; nested exception is org.hibernate.exception.DataException: could not execute statement
2023-08-17 10:02:46,472 WARN org.hibernate.engine.jdbc.spi.SqlExceptionHelper [http-nio-8081-exec-44] SQL Error: 1292, SQLState: 22001
2023-08-17 10:02:46,473 ERROR org.hibernate.engine.jdbc.spi.SqlExceptionHelper [http-nio-8081-exec-44] Data truncation: Incorrect datetime value: '1970-01-01 05:30:00' for column 'date_of_hbs_ag_test' at row 1
2023-08-17 10:02:46,473 INFO org.hibernate.engine.jdbc.batch.internal.AbstractBatchImpl [http-nio-8081-exec-44] HHH000010: On release of batch it still contained JDBC statements
2023-08-17 10:02:46,616 WARN org.hibernate.engine.jdbc.spi.SqlExceptionHelper [http-nio-8081-exec-46] SQL Error: 1292, SQLState: 22001
2023-08-17 10:02:46,616 ERROR org.hibernate.engine.jdbc.spi.SqlExceptionHelper [http-nio-8081-exec-46] Data truncation: Incorrect datetime value: '1970-01-01 05:30:00' for column 'date_of_hbs_ag_test' at row 1
2023-08-17 10:02:46,616 ERROR com.iemr.flw.service.impl.PregnantWomanServiceImpl [http-nio-8081-exec-34] could not execute statement; SQL [n/a]; nested exception is org.hibernate.exception.DataException: could not execute statement
2023-08-17 10:02:46,616 INFO org.hibernate.engine.jdbc.batch.internal.AbstractBatchImpl [http-nio-8081-exec-46] HHH000010: On release of batch it still contained JDBC statements
2023-08-17 10:02:46,972 WARN org.hibernate.engine.jdbc.spi.SqlExceptionHelper [http-nio-8081-exec-45] SQL Error: 1292, SQLState: 22001
2023-08-17 10:02:46,972 ERROR org.hibernate.engine.jdbc.spi.SqlExceptionHelper [http-nio-8081-exec-45] Data truncation: Incorrect datetime value: '1970-01-01 05:30:00' for column 'date_of_hbs_ag_test' at row 1
2023-08-17 10:02:46,972 INFO org.hibernate.engine.jdbc.batch.internal.AbstractBatchImpl [http-nio-8081-exec-45] HHH000010: On release of batch it still contained JDBC statements
2023-08-17 10:02:46,972 ERROR com.iemr.flw.service.impl.PregnantWomanServiceImpl [http-nio-8081-exec-44] could not execute statement; SQL [n/a]; nested exception is org.hibernate.exception.DataException: could not execute statement
2023-08-17 10:02:47,117 WARN org.hibernate.engine.jdbc.spi.SqlExceptionHelper [http-nio-8081-exec-48] SQL Error: 1292, SQLState: 22001
2023-08-17 10:02:47,117 ERROR org.hibernate.engine.jdbc.spi.SqlExceptionHelper [http-nio-8081-exec-48] Data truncation: Incorrect datetime value: '1970-01-01 05:30:00' for column 'date_of_hbs_ag_test' at row 1
2023-08-17 10:02:47,117 INFO org.hibernate.engine.jdbc.batch.internal.AbstractBatchImpl [http-nio-8081-exec-48] HHH000010: On release of batch it still contained JDBC statements
2023-08-17 10:02:47,117 ERROR com.iemr.flw.service.impl.PregnantWomanServiceImpl [http-nio-8081-exec-46] could not execute statement; SQL [n/a]; nested exception is org.hibernate.exception.DataException: could not execute statement
2023-08-17 10:02:47,387 WARN org.hibernate.engine.jdbc.spi.SqlExceptionHelper [http-nio-8081-exec-4] SQL Error: 1292, SQLState: 22001
2023-08-17 10:02:47,387 ERROR com.iemr.flw.service.impl.PregnantWomanServiceImpl [http-nio-8081-exec-45] could not execute statement; SQL [n/a]; nested exception is org.hibernate.exception.DataException: could not execute statement
2023-08-17 10:02:47,387 ERROR org.hibernate.engine.jdbc.spi.SqlExceptionHelper [http-nio-8081-exec-4] Data truncation: Incorrect datetime value: '1970-01-01 05:30:00' for column 'date_of_hbs_ag_test' at row 1
2023-08-17 10:02:47,387 INFO org.hibernate.engine.jdbc.batch.internal.AbstractBatchImpl [http-nio-8081-exec-4] HHH000010: On release of batch it still contained JDBC statements
2023-08-17 10:02:47,514 WARN org.hibernate.engine.jdbc.spi.SqlExceptionHelper [http-nio-8081-exec-23] SQL Error: 1292, SQLState: 22001
2023-08-17 10:02:47,514 ERROR org.hibernate.engine.jdbc.spi.SqlExceptionHelper [http-nio-8081-exec-23] Data truncation: Incorrect datetime value: '1970-01-01 05:30:00' for column 'date_of_hbs_ag_test' at row 1
2023-08-17 10:02:47,514 ERROR com.iemr.flw.service.impl.PregnantWomanServiceImpl [http-nio-8081-exec-48] could not execute statement; SQL [n/a]; nested exception is org.hibernate.exception.DataException: could not execute statement
2023-08-17 10:02:47,514 INFO org.hibernate.engine.jdbc.batch.internal.AbstractBatchImpl [http-nio-8081-exec-23] HHH000010: On release of batch it still contained JDBC statements
2023-08-17 10:02:47,685 WARN org.hibernate.engine.jdbc.spi.SqlExceptionHelper [http-nio-8081-exec-72] SQL Error: 1292, SQLState: 22001
2023-08-17 10:02:47,685 ERROR org.hibernate.engine.jdbc.spi.SqlExceptionHelper [http-nio-8081-exec-72] Data truncation: Incorrect datetime value: '1970-01-01 05:30:00' for column 'date_of_hbs_ag_test' at row 1
2023-08-17 10:02:47,685 INFO org.hibernate.engine.jdbc.batch.internal.AbstractBatchImpl [http-nio-8081-exec-72] HHH000010: On release of batch it still contained JDBC statements
2023-08-17 10:02:47,685 ERROR com.iemr.flw.service.impl.PregnantWomanServiceImpl [http-nio-8081-exec-4] could not execute statement; SQL [n/a]; nested exception is org.hibernate.exception.DataException: could not execute statement
2023-08-17 10:02:47,774 WARN org.hibernate.engine.jdbc.spi.SqlExceptionHelper [http-nio-8081-exec-13] SQL Error: 0, SQLState: null
2023-08-17 10:02:47,774 WARN org.hibernate.engine.jdbc.spi.SqlExceptionHelper [http-nio-8081-exec-69] SQL Error: 0, SQLState: null
2023-08-17 10:02:47,774 ERROR org.hibernate.engine.jdbc.spi.SqlExceptionHelper [http-nio-8081-exec-69] [http-nio-8081-exec-69] Timeout: Pool empty. Unable to fetch a connection in 10 seconds, none available[size:30; busy:28; idle:0; lastwait:10000].
2023-08-17 10:02:47,774 WARN org.hibernate.engine.jdbc.spi.SqlExceptionHelper [http-nio-8081-exec-11] SQL Error: 0, SQLState: null
2023-08-17 10:02:47,774 ERROR org.hibernate.engine.jdbc.spi.SqlExceptionHelper [http-nio-8081-exec-11] [http-nio-8081-exec-11] Timeout: Pool empty. Unable to fetch a connection in 10 seconds, none available[size:30; busy:28; idle:0; lastwait:10000].
2023-08-17 10:02:47,774 WARN org.hibernate.engine.jdbc.spi.SqlExceptionHelper [http-nio-8081-exec-102] SQL Error: 0, SQLState: null
2023-08-17 10:02:47,774 ERROR org.hibernate.engine.jdbc.spi.SqlExceptionHelper [http-nio-8081-exec-102] [http-nio-8081-exec-102] Timeout: Pool empty. Unable to fetch a connection in 10 seconds, none available[size:30; busy:28; idle:0; lastwait:10000].
2023-08-17 10:02:47,774 WARN org.hibernate.engine.jdbc.spi.SqlExceptionHelper [http-nio-8081-exec-12] SQL Error: 0, SQLState: null
2023-08-17 10:02:47,774 WARN org.hibernate.engine.jdbc.spi.SqlExceptionHelper [http-nio-8081-exec-24] SQL Error: 0, SQLState: null
2023-08-17 10:02:47,774 WARN org.hibernate.engine.jdbc.spi.SqlExceptionHelper [http-nio-8081-exec-103] SQL Error: 0, SQLState: null
2023-08-17 10:02:47,774 WARN org.hibernate.engine.jdbc.spi.SqlExceptionHelper [http-nio-8081-exec-18] SQL Error: 0, SQLState: null
2023-08-17 10:02:47,774 ERROR org.hibernate.engine.jdbc.spi.SqlExceptionHelper [http-nio-8081-exec-13] [http-nio-8081-exec-13] Timeout: Pool empty. Unable to fetch a connection in 10 seconds, none available[size:30; busy:28; idle:0; lastwait:10000].
2023-08-17 10:02:47,775 WARN org.hibernate.engine.jdbc.spi.SqlExceptionHelper [http-nio-8081-exec-73] SQL Error: 0, SQLState: null
2023-08-17 10:02:47,775 WARN org.hibernate.engine.jdbc.spi.SqlExceptionHelper [http-nio-8081-exec-92] SQL Error: 0, SQLState: null
2023-08-17 10:02:47,775 ERROR org.hibernate.engine.jdbc.spi.SqlExceptionHelper [http-nio-8081-exec-18] [http-nio-8081-exec-18] Timeout: Pool empty. Unable to fetch a connection in 10 seconds, none available[size:30; busy:28; idle:0; lastwait:10000].
2023-08-17 10:02:47,775 WARN org.hibernate.engine.jdbc.spi.SqlExceptionHelper [http-nio-8081-exec-93] SQL Error: 0, SQLState: null
2023-08-17 10:02:47,774 WARN org.hibernate.engine.jdbc.spi.SqlExceptionHelper [http-nio-8081-exec-70] SQL Error: 0, SQLState: null
2023-08-17 10:02:47,775 ERROR org.hibernate.engine.jdbc.spi.SqlExceptionHelper [http-nio-8081-exec-24] [http-nio-8081-exec-24] Timeout: Pool empty. Unable to fetch a connection in 10 seconds, none available[size:30; busy:28; idle:0; lastwait:10000].
2023-08-17 10:02:47,774 WARN org.hibernate.engine.jdbc.spi.SqlExceptionHelper [http-nio-8081-exec-76] SQL Error: 0, SQLState: null
2023-08-17 10:02:47,776 ERROR org.hibernate.engine.jdbc.spi.SqlExceptionHelper [http-nio-8081-exec-76] [http-nio-8081-exec-76] Timeout: Pool empty. Unable to fetch a connection in 10 seconds, none available[size:30; busy:28; idle:0; lastwait:10000].
2023-08-17 10:02:47,776 WARN org.hibernate.engine.jdbc.spi.SqlExceptionHelper [http-nio-8081-exec-90] SQL Error: 0, SQLState: null
2023-08-17 10:02:47,775 WARN org.hibernate.engine.jdbc.spi.SqlExceptionHelper [http-nio-8081-exec-68] SQL Error: 0, SQLState: null
2023-08-17 10:02:47,776 ERROR org.hibernate.engine.jdbc.spi.SqlExceptionHelper [http-nio-8081-exec-68] [http-nio-8081-exec-68] Timeout: Pool empty. Unable to fetch a connection in 10 seconds, none available[size:30; busy:28; idle:0; lastwait:10000].
2023-08-17 10:02:47,775 WARN org.hibernate.engine.jdbc.spi.SqlExceptionHelper [http-nio-8081-exec-77] SQL Error: 0, SQLState: null
2023-08-17 10:02:47,775 WARN org.hibernate.engine.jdbc.spi.SqlExceptionHelper [http-nio-8081-exec-91] SQL Error: 0, SQLState: null
2023-08-17 10:02:47,775 WARN org.hibernate.engine.jdbc.spi.SqlExceptionHelper [http-nio-8081-exec-89] SQL Error: 0, SQLState: null
2023-08-17 10:02:47,775 WARN org.hibernate.engine.jdbc.spi.SqlExceptionHelper [http-nio-8081-exec-94] SQL Error: 0, SQLState: null
2023-08-17 10:02:47,775 WARN org.hibernate.engine.jdbc.spi.SqlExceptionHelper [http-nio-8081-exec-98] SQL Error: 0, SQLState: null
2023-08-17 10:02:47,776 ERROR org.hibernate.engine.jdbc.spi.SqlExceptionHelper [http-nio-8081-exec-98] [http-nio-8081-exec-98] Timeout: Pool empty. Unable to fetch a connection in 10 seconds, none available[size:30; busy:28; idle:0; lastwait:10000].
2023-08-17 10:02:47,774 ERROR org.hibernate.engine.jdbc.spi.SqlExceptionHelper [http-nio-8081-exec-12] [http-nio-8081-exec-12] Timeout: Pool empty. Unable to fetch a connection in 10 seconds, none available[size:30; busy:28; idle:0; lastwait:10000].
2023-08-17 10:02:47,775 WARN org.hibernate.engine.jdbc.spi.SqlExceptionHelper [http-nio-8081-exec-95] SQL Error: 0, SQLState: null
2023-08-17 10:02:47,777 ERROR org.hibernate.engine.jdbc.spi.SqlExceptionHelper [http-nio-8081-exec-95] [http-nio-8081-exec-95] Timeout: Pool empty. Unable to fetch a connection in 10 seconds, none available[size:30; busy:28; idle:0; lastwait:10000].
2023-08-17 10:02:47,775 ERROR org.hibernate.engine.jdbc.spi.SqlExceptionHelper [http-nio-8081-exec-73] [http-nio-8081-exec-73] Timeout: Pool empty. Unable to fetch a connection in 10 seconds, none available[size:30; busy:28; idle:0; lastwait:10000].
2023-08-17 10:02:47,775 ERROR org.hibernate.engine.jdbc.spi.SqlExceptionHelper [http-nio-8081-exec-92] [http-nio-8081-exec-92] Timeout: Pool empty. Unable to fetch a connection in 10 seconds, none available[size:30; busy:28; idle:0; lastwait:10000].
2023-08-17 10:02:47,775 ERROR org.hibernate.engine.jdbc.spi.SqlExceptionHelper [http-nio-8081-exec-93] [http-nio-8081-exec-93] Timeout: Pool empty. Unable to fetch a connection in 10 seconds, none available[size:30; busy:28; idle:0; lastwait:10000].
2023-08-17 10:02:47,775 WARN org.hibernate.engine.jdbc.spi.SqlExceptionHelper [http-nio-8081-exec-99] SQL Error: 0, SQLState: null
2023-08-17 10:02:47,777 ERROR org.hibernate.engine.jdbc.spi.SqlExceptionHelper [http-nio-8081-exec-99] [http-nio-8081-exec-99] Timeout: Pool empty. Unable to fetch a connection in 10 seconds, none available[size:30; busy:28; idle:0; lastwait:10000].
2023-08-17 10:02:47,775 WARN org.hibernate.engine.jdbc.spi.SqlExceptionHelper [http-nio-8081-exec-96] SQL Error: 0, SQLState: null
2023-08-17 10:02:47,775 WARN org.hibernate.engine.jdbc.spi.SqlExceptionHelper [http-nio-8081-exec-100] SQL Error: 0, SQLState: null
2023-08-17 10:02:47,775 ERROR org.hibernate.engine.jdbc.spi.SqlExceptionHelper [http-nio-8081-exec-103] [http-nio-8081-exec-103] Timeout: Pool empty. Unable to fetch a connection in 10 seconds, none available[size:30; busy:28; idle:0; lastwait:10000].
2023-08-17 10:02:47,775 WARN org.hibernate.engine.jdbc.spi.SqlExceptionHelper [http-nio-8081-exec-60] SQL Error: 0, SQLState: null
2023-08-17 10:02:47,775 WARN org.hibernate.engine.jdbc.spi.SqlExceptionHelper [http-nio-8081-exec-101] SQL Error: 0, SQLState: null
2023-08-17 10:02:47,776 ERROR org.hibernate.engine.jdbc.spi.SqlExceptionHelper [http-nio-8081-exec-70] [http-nio-8081-exec-70] Timeout: Pool empty. Unable to fetch a connection in 10 seconds, none available[size:30; busy:28; idle:0; lastwait:10000].
2023-08-17 10:02:47,776 ERROR org.hibernate.engine.jdbc.spi.SqlExceptionHelper [http-nio-8081-exec-90] [http-nio-8081-exec-90] Timeout: Pool empty. Unable to fetch a connection in 10 seconds, none available[size:30; busy:28; idle:0; lastwait:10000].
2023-08-17 10:02:47,776 ERROR org.hibernate.engine.jdbc.spi.SqlExceptionHelper [http-nio-8081-exec-77] [http-nio-8081-exec-77] Timeout: Pool empty. Unable to fetch a connection in 10 seconds, none available[size:30; busy:28; idle:0; lastwait:10000].
2023-08-17 10:02:47,776 ERROR org.hibernate.engine.jdbc.spi.SqlExceptionHelper [http-nio-8081-exec-91] [http-nio-8081-exec-91] Timeout: Pool empty. Unable to fetch a connection in 10 seconds, none available[size:30; busy:28; idle:0; lastwait:10000].
2023-08-17 10:02:47,776 ERROR org.hibernate.engine.jdbc.spi.SqlExceptionHelper [http-nio-8081-exec-94] [http-nio-8081-exec-94] Timeout: Pool empty. Unable to fetch a connection in 10 seconds, none available[size:30; busy:28; idle:0; lastwait:10000].
2023-08-17 10:02:47,776 ERROR org.hibernate.engine.jdbc.spi.SqlExceptionHelper [http-nio-8081-exec-89] [http-nio-8081-exec-89] Timeout: Pool empty. Unable to fetch a connection in 10 seconds, none available[size:30; busy:28; idle:0; lastwait:10000].
2023-08-17 10:02:47,777 ERROR org.hibernate.engine.jdbc.spi.SqlExceptionHelper [http-nio-8081-exec-96] [http-nio-8081-exec-96] Timeout: Pool empty. Unable to fetch a connection in 10 seconds, none available[size:30; busy:28; idle:0; lastwait:10000].
2023-08-17 10:02:47,777 ERROR org.hibernate.engine.jdbc.spi.SqlExceptionHelper [http-nio-8081-exec-100] [http-nio-8081-exec-100] Timeout: Pool empty. Unable to fetch a connection in 10 seconds, none available[size:30; busy:28; idle:0; lastwait:10000].
2023-08-17 10:02:47,777 ERROR org.hibernate.engine.jdbc.spi.SqlExceptionHelper [http-nio-8081-exec-60] [http-nio-8081-exec-60] Timeout: Pool empty. Unable to fetch a connection in 10 seconds, none available[size:30; busy:28; idle:0; lastwait:10000].
2023-08-17 10:02:47,778 ERROR org.hibernate.engine.jdbc.spi.SqlExceptionHelper [http-nio-8081-exec-101] [http-nio-8081-exec-101] Timeout: Pool empty. Unable to fetch a connection in 10 seconds, none available[size:30; busy:28; idle:0; lastwait:10000].
2023-08-17 10:02:47,785 ERROR com.iemr.flw.service.impl.PregnantWomanServiceImpl [http-nio-8081-exec-103] Unable to acquire JDBC Connection; nested exception is org.hibernate.exception.GenericJDBCException: Unable to acquire JDBC Connection
2023-08-17 10:02:47,785 ERROR com.iemr.flw.service.impl.PregnantWomanServiceImpl [http-nio-8081-exec-77] Unable to acquire JDBC Connection; nested exception is org.hibernate.exception.GenericJDBCException: Unable to acquire JDBC Connection
2023-08-17 10:02:47,785 ERROR com.iemr.flw.service.impl.PregnantWomanServiceImpl [http-nio-8081-exec-90] Unable to acquire JDBC Connection; nested exception is org.hibernate.exception.GenericJDBCException: Unable to acquire JDBC Connection
2023-08-17 10:02:47,785 ERROR com.iemr.flw.service.impl.PregnantWomanServiceImpl [http-nio-8081-exec-91] Unable to acquire JDBC Connection; nested exception is org.hibernate.exception.GenericJDBCException: Unable to acquire JDBC Connection
2023-08-17 10:02:47,787 ERROR com.iemr.flw.service.impl.PregnantWomanServiceImpl [http-nio-8081-exec-70] Unable to acquire JDBC Connection; nested exception is org.hibernate.exception.GenericJDBCException: Unable to acquire JDBC Connection
2023-08-17 10:02:47,787 ERROR com.iemr.flw.service.impl.PregnantWomanServiceImpl [http-nio-8081-exec-18] Unable to acquire JDBC Connection; nested exception is org.hibernate.exception.GenericJDBCException: Unable to acquire JDBC Connection
2023-08-17 10:02:47,788 ERROR com.iemr.flw.service.impl.PregnantWomanServiceImpl [http-nio-8081-exec-24] Unable to acquire JDBC Connection; nested exception is org.hibernate.exception.GenericJDBCException: Unable to acquire JDBC Connection
2023-08-17 10:02:47,788 ERROR com.iemr.flw.service.impl.PregnantWomanServiceImpl [http-nio-8081-exec-93] Unable to acquire JDBC Connection; nested exception is org.hibernate.exception.GenericJDBCException: Unable to acquire JDBC Connection
2023-08-17 10:02:47,791 ERROR com.iemr.flw.service.impl.PregnantWomanServiceImpl [http-nio-8081-exec-11] Unable to acquire JDBC Connection; nested exception is org.hibernate.exception.GenericJDBCException: Unable to acquire JDBC Connection
2023-08-17 10:02:47,791 ERROR com.iemr.flw.service.impl.PregnantWomanServiceImpl [http-nio-8081-exec-89] Unable to acquire JDBC Connection; nested exception is org.hibernate.exception.GenericJDBCException: Unable to acquire JDBC Connection
2023-08-17 10:02:47,791 ERROR com.iemr.flw.service.impl.PregnantWomanServiceImpl [http-nio-8081-exec-101] Unable to acquire JDBC Connection; nested exception is org.hibernate.exception.GenericJDBCException: Unable to acquire JDBC Connection
2023-08-17 10:02:47,792 ERROR com.iemr.flw.service.impl.PregnantWomanServiceImpl [http-nio-8081-exec-13] Unable to acquire JDBC Connection; nested exception is org.hibernate.exception.GenericJDBCException: Unable to acquire JDBC Connection
2023-08-17 10:02:47,793 ERROR com.iemr.flw.service.impl.PregnantWomanServiceImpl [http-nio-8081-exec-98] Unable to acquire JDBC Connection; nested exception is org.hibernate.exception.GenericJDBCException: Unable to acquire JDBC Connection
2023-08-17 10:02:47,793 ERROR com.iemr.flw.service.impl.PregnantWomanServiceImpl [http-nio-8081-exec-12] Unable to acquire JDBC Connection; nested exception is org.hibernate.exception.GenericJDBCException: Unable to acquire JDBC Connection
2023-08-17 10:02:47,794 ERROR com.iemr.flw.service.impl.PregnantWomanServiceImpl [http-nio-8081-exec-68] Unable to acquire JDBC Connection; nested exception is org.hibernate.exception.GenericJDBCException: Unable to acquire JDBC Connection
2023-08-17 10:02:47,795 ERROR com.iemr.flw.service.impl.PregnantWomanServiceImpl [http-nio-8081-exec-73] Unable to acquire JDBC Connection; nested exception is org.hibernate.exception.GenericJDBCException: Unable to acquire JDBC Connection
2023-08-17 10:02:47,795 ERROR com.iemr.flw.service.impl.PregnantWomanServiceImpl [http-nio-8081-exec-60] Unable to acquire JDBC Connection; nested exception is org.hibernate.exception.GenericJDBCException: Unable to acquire JDBC Connection
2023-08-17 10:02:47,796 ERROR com.iemr.flw.service.impl.PregnantWomanServiceImpl [http-nio-8081-exec-99] Unable to acquire JDBC Connection; nested exception is org.hibernate.exception.GenericJDBCException: Unable to acquire JDBC Connection
2023-08-17 10:02:47,796 ERROR com.iemr.flw.service.impl.PregnantWomanServiceImpl [http-nio-8081-exec-92] Unable to acquire JDBC Connection; nested exception is org.hibernate.exception.GenericJDBCException: Unable to acquire JDBC Connection
2023-08-17 10:02:47,797 ERROR com.iemr.flw.service.impl.PregnantWomanServiceImpl [http-nio-8081-exec-96] Unable to acquire JDBC Connection; nested exception is org.hibernate.exception.GenericJDBCException: Unable to acquire JDBC Connection
2023-08-17 10:02:47,797 ERROR com.iemr.flw.service.impl.PregnantWomanServiceImpl [http-nio-8081-exec-69] Unable to acquire JDBC Connection; nested exception is org.hibernate.exception.GenericJDBCException: Unable to acquire JDBC Connection
2023-08-17 10:02:47,797 ERROR com.iemr.flw.service.impl.PregnantWomanServiceImpl [http-nio-8081-exec-100] Unable to acquire JDBC Connection; nested exception is org.hibernate.exception.GenericJDBCException: Unable to acquire JDBC Connection
2023-08-17 10:02:47,800 ERROR com.iemr.flw.service.impl.PregnantWomanServiceImpl [http-nio-8081-exec-102] Unable to acquire JDBC Connection; nested exception is org.hibernate.exception.GenericJDBCException: Unable to acquire JDBC Connection
2023-08-17 10:02:47,800 ERROR com.iemr.flw.service.impl.PregnantWomanServiceImpl [http-nio-8081-exec-76] Unable to acquire JDBC Connection; nested exception is org.hibernate.exception.GenericJDBCException: Unable to acquire JDBC Connection
2023-08-17 10:02:47,799 ERROR com.iemr.flw.service.impl.PregnantWomanServiceImpl [http-nio-8081-exec-94] Unable to acquire JDBC Connection; nested exception is org.hibernate.exception.GenericJDBCException: Unable to acquire JDBC Connection
2023-08-17 10:02:47,799 ERROR com.iemr.flw.service.impl.PregnantWomanServiceImpl [http-nio-8081-exec-95] Unable to acquire JDBC Connection; nested exception is org.hibernate.exception.GenericJDBCException: Unable to acquire JDBC Connection
2023-08-17 10:02:47,994 WARN org.hibernate.engine.jdbc.spi.SqlExceptionHelper [http-nio-8081-exec-78] SQL Error: 1292, SQLState: 22001
2023-08-17 10:02:47,994 ERROR org.hibernate.engine.jdbc.spi.SqlExceptionHelper [http-nio-8081-exec-78] Data truncation: Incorrect datetime value: '1970-01-01 05:30:00' for column 'date_of_hbs_ag_test' at row 1
2023-08-17 10:02:47,994 INFO org.hibernate.engine.jdbc.batch.internal.AbstractBatchImpl [http-nio-8081-exec-78] HHH000010: On release of batch it still contained JDBC statements
2023-08-17 10:02:47,995 ERROR com.iemr.flw.service.impl.PregnantWomanServiceImpl [http-nio-8081-exec-23] could not execute statement; SQL [n/a]; nested exception is org.hibernate.exception.DataException: could not execute statement
2023-08-17 10:02:48,124 ERROR com.iemr.flw.service.impl.PregnantWomanServiceImpl [http-nio-8081-exec-72] could not execute statement; SQL [n/a]; nested exception is org.hibernate.exception.DataException: could not execute statement
2023-08-17 10:02:48,124 WARN org.hibernate.engine.jdbc.spi.SqlExceptionHelper [http-nio-8081-exec-53] SQL Error: 1292, SQLState: 22001
2023-08-17 10:02:48,124 ERROR org.hibernate.engine.jdbc.spi.SqlExceptionHelper [http-nio-8081-exec-53] Data truncation: Incorrect datetime value: '1970-01-01 05:30:00' for column 'date_of_hbs_ag_test' at row 1
2023-08-17 10:02:48,124 INFO org.hibernate.engine.jdbc.batch.internal.AbstractBatchImpl [http-nio-8081-exec-53] HHH000010: On release of batch it still contained JDBC statements
2023-08-17 10:02:48,240 ERROR com.iemr.flw.service.impl.PregnantWomanServiceImpl [http-nio-8081-exec-78] could not execute statement; SQL [n/a]; nested exception is org.hibernate.exception.DataException: could not execute statement
2023-08-17 10:02:48,240 WARN org.hibernate.engine.jdbc.spi.SqlExceptionHelper [http-nio-8081-exec-3] SQL Error: 1292, SQLState: 22001
2023-08-17 10:02:48,240 ERROR org.hibernate.engine.jdbc.spi.SqlExceptionHelper [http-nio-8081-exec-3] Data truncation: Incorrect datetime value: '1970-01-01 05:30:00' for column 'date_of_hbs_ag_test' at row 1
2023-08-17 10:02:48,240 INFO org.hibernate.engine.jdbc.batch.internal.AbstractBatchImpl [http-nio-8081-exec-3] HHH000010: On release of batch it still contained JDBC statements
2023-08-17 10:02:48,567 WARN org.hibernate.engine.jdbc.spi.SqlExceptionHelper [http-nio-8081-exec-50] SQL Error: 1292, SQLState: 22001
2023-08-17 10:02:48,567 ERROR org.hibernate.engine.jdbc.spi.SqlExceptionHelper [http-nio-8081-exec-50] Data truncation: Incorrect datetime value: '1970-01-01 05:30:00' for column 'date_of_hbs_ag_test' at row 1
2023-08-17 10:02:48,567 INFO org.hibernate.engine.jdbc.batch.internal.AbstractBatchImpl [http-nio-8081-exec-50] HHH000010: On release of batch it still contained JDBC statements
2023-08-17 10:02:48,567 ERROR com.iemr.flw.service.impl.PregnantWomanServiceImpl [http-nio-8081-exec-53] could not execute statement; SQL [n/a]; nested exception is org.hibernate.exception.DataException: could not execute statement
2023-08-17 10:02:48,791 ERROR com.iemr.flw.service.impl.PregnantWomanServiceImpl [http-nio-8081-exec-3] could not execute statement; SQL [n/a]; nested exception is org.hibernate.exception.DataException: could not execute statement
2023-08-17 10:02:48,791 WARN org.hibernate.engine.jdbc.spi.SqlExceptionHelper [http-nio-8081-exec-52] SQL Error: 1292, SQLState: 22001
2023-08-17 10:02:48,791 ERROR org.hibernate.engine.jdbc.spi.SqlExceptionHelper [http-nio-8081-exec-52] Data truncation: Incorrect datetime value: '1970-01-01 05:30:00' for column 'date_of_hbs_ag_test' at row 1
2023-08-17 10:02:48,792 INFO org.hibernate.engine.jdbc.batch.internal.AbstractBatchImpl [http-nio-8081-exec-52] HHH000010: On release of batch it still contained JDBC statements
2023-08-17 10:02:48,883 ERROR com.iemr.flw.service.impl.PregnantWomanServiceImpl [http-nio-8081-exec-50] could not execute statement; SQL [n/a]; nested exception is org.hibernate.exception.DataException: could not execute statement
2023-08-17 10:02:49,092 WARN org.hibernate.engine.jdbc.spi.SqlExceptionHelper [http-nio-8081-exec-79] SQL Error: 1292, SQLState: 22001
2023-08-17 10:02:49,093 ERROR org.hibernate.engine.jdbc.spi.SqlExceptionHelper [http-nio-8081-exec-79] Data truncation: Incorrect datetime value: '1970-01-01 05:30:00' for column 'date_of_hbs_ag_test' at row 1
2023-08-17 10:02:49,093 INFO org.hibernate.engine.jdbc.batch.internal.AbstractBatchImpl [http-nio-8081-exec-79] HHH000010: On release of batch it still contained JDBC statements
2023-08-17 10:02:49,206 ERROR com.iemr.flw.service.impl.PregnantWomanServiceImpl [http-nio-8081-exec-52] could not execute statement; SQL [n/a]; nested exception is org.hibernate.exception.DataException: could not execute statement
2023-08-17 10:02:49,386 WARN org.hibernate.engine.jdbc.spi.SqlExceptionHelper [http-nio-8081-exec-51] SQL Error: 1292, SQLState: 22001
2023-08-17 10:02:49,386 ERROR org.hibernate.engine.jdbc.spi.SqlExceptionHelper [http-nio-8081-exec-51] Data truncation: Incorrect datetime value: '1970-01-01 05:30:00' for column 'date_of_hbs_ag_test' at row 1
2023-08-17 10:02:49,386 INFO org.hibernate.engine.jdbc.batch.internal.AbstractBatchImpl [http-nio-8081-exec-51] HHH000010: On release of batch it still contained JDBC statements
2023-08-17 10:02:49,483 ERROR com.iemr.flw.service.impl.PregnantWomanServiceImpl [http-nio-8081-exec-79] could not execute statement; SQL [n/a]; nested exception is org.hibernate.exception.DataException: could not execute statement
2023-08-17 10:02:49,824 WARN org.hibernate.engine.jdbc.spi.SqlExceptionHelper [http-nio-8081-exec-8] SQL Error: 1292, SQLState: 22001
2023-08-17 10:02:49,824 ERROR org.hibernate.engine.jdbc.spi.SqlExceptionHelper [http-nio-8081-exec-8] Data truncation: Incorrect datetime value: '1970-01-01 05:30:00' for column 'date_of_hbs_ag_test' at row 1
2023-08-17 10:02:49,824 INFO org.hibernate.engine.jdbc.batch.internal.AbstractBatchImpl [http-nio-8081-exec-8] HHH000010: On release of batch it still contained JDBC statements
2023-08-17 10:02:50,083 ERROR com.iemr.flw.service.impl.PregnantWomanServiceImpl [http-nio-8081-exec-51] could not execute statement; SQL [n/a]; nested exception is org.hibernate.exception.DataException: could not execute statement
2023-08-17 10:02:50,224 WARN org.hibernate.engine.jdbc.spi.SqlExceptionHelper [http-nio-8081-exec-42] SQL Error: 1292, SQLState: 22001
2023-08-17 10:02:50,224 ERROR org.hibernate.engine.jdbc.spi.SqlExceptionHelper [http-nio-8081-exec-42] Data truncation: Incorrect datetime value: '1970-01-01 05:30:00' for column 'date_of_hbs_ag_test' at row 1
2023-08-17 10:02:50,224 INFO org.hibernate.engine.jdbc.batch.internal.AbstractBatchImpl [http-nio-8081-exec-42] HHH000010: On release of batch it still contained JDBC statements
2023-08-17 10:02:50,451 WARN org.hibernate.engine.jdbc.spi.SqlExceptionHelper [http-nio-8081-exec-7] SQL Error: 1292, SQLState: 22001
2023-08-17 10:02:50,544 ERROR com.iemr.flw.service.impl.PregnantWomanServiceImpl [http-nio-8081-exec-42] could not execute statement; SQL [n/a]; nested exception is org.hibernate.exception.DataException: could not execute statement
2023-08-17 10:02:50,451 ERROR com.iemr.flw.service.impl.PregnantWomanServiceImpl [http-nio-8081-exec-8] could not execute statement; SQL [n/a]; nested exception is org.hibernate.exception.DataException: could not execute statement
2023-08-17 10:02:51,421 ERROR org.hibernate.engine.jdbc.spi.SqlExceptionHelper [http-nio-8081-exec-7] Data truncation: Incorrect datetime value: '1970-01-01 05:30:00' for column 'date_of_hbs_ag_test' at row 1
2023-08-17 10:02:51,421 INFO org.hibernate.engine.jdbc.batch.internal.AbstractBatchImpl [http-nio-8081-exec-7] HHH000010: On release of batch it still contained JDBC statements
2023-08-17 10:02:51,611 WARN org.hibernate.engine.jdbc.spi.SqlExceptionHelper [http-nio-8081-exec-41] SQL Error: 1292, SQLState: 22001
2023-08-17 10:02:51,611 ERROR org.hibernate.engine.jdbc.spi.SqlExceptionHelper [http-nio-8081-exec-41] Data truncation: Incorrect datetime value: '1970-01-01 05:30:00' for column 'date_of_hbs_ag_test' at row 1
2023-08-17 10:02:51,611 INFO org.hibernate.engine.jdbc.batch.internal.AbstractBatchImpl [http-nio-8081-exec-41] HHH000010: On release of batch it still contained JDBC statements
2023-08-17 10:02:51,714 ERROR com.iemr.flw.service.impl.PregnantWomanServiceImpl [http-nio-8081-exec-7] could not execute statement; SQL [n/a]; nested exception is org.hibernate.exception.DataException: could not execute statement
2023-08-17 10:02:51,854 WARN org.hibernate.engine.jdbc.spi.SqlExceptionHelper [http-nio-8081-exec-6] SQL Error: 1292, SQLState: 22001
2023-08-17 10:02:51,854 ERROR org.hibernate.engine.jdbc.spi.SqlExceptionHelper [http-nio-8081-exec-6] Data truncation: Incorrect datetime value: '1970-01-01 05:30:00' for column 'date_of_hbs_ag_test' at row 1
2023-08-17 10:02:51,854 INFO org.hibernate.engine.jdbc.batch.internal.AbstractBatchImpl [http-nio-8081-exec-6] HHH000010: On release of batch it still contained JDBC statements
2023-08-17 10:02:52,130 WARN org.hibernate.engine.jdbc.spi.SqlExceptionHelper [http-nio-8081-exec-57] SQL Error: 1292, SQLState: 22001
2023-08-17 10:02:52,130 ERROR org.hibernate.engine.jdbc.spi.SqlExceptionHelper [http-nio-8081-exec-57] Data truncation: Incorrect datetime value: '1970-01-01 05:30:00' for column 'date_of_hbs_ag_test' at row 1
2023-08-17 10:02:52,130 ERROR com.iemr.flw.service.impl.PregnantWomanServiceImpl [http-nio-8081-exec-41] could not execute statement; SQL [n/a]; nested exception is org.hibernate.exception.DataException: could not execute statement
2023-08-17 10:02:52,130 INFO org.hibernate.engine.jdbc.batch.internal.AbstractBatchImpl [http-nio-8081-exec-57] HHH000010: On release of batch it still contained JDBC statements
2023-08-17 10:02:52,221 ERROR com.iemr.flw.service.impl.PregnantWomanServiceImpl [http-nio-8081-exec-6] could not execute statement; SQL [n/a]; nested exception is org.hibernate.exception.DataException: could not execute statement
2023-08-17 10:02:52,306 WARN org.hibernate.engine.jdbc.spi.SqlExceptionHelper [http-nio-8081-exec-40] SQL Error: 1292, SQLState: 22001
2023-08-17 10:02:52,306 ERROR org.hibernate.engine.jdbc.spi.SqlExceptionHelper [http-nio-8081-exec-40] Data truncation: Incorrect datetime value: '1970-01-01 05:30:00' for column 'date_of_hbs_ag_test' at row 1
2023-08-17 10:02:52,306 INFO org.hibernate.engine.jdbc.batch.internal.AbstractBatchImpl [http-nio-8081-exec-40] HHH000010: On release of batch it still contained JDBC statements
2023-08-17 10:02:52,681 ERROR com.iemr.flw.service.impl.PregnantWomanServiceImpl [http-nio-8081-exec-57] could not execute statement; SQL [n/a]; nested exception is org.hibernate.exception.DataException: could not execute statement
2023-08-17 10:02:52,681 WARN org.hibernate.engine.jdbc.spi.SqlExceptionHelper [http-nio-8081-exec-39] SQL Error: 1292, SQLState: 22001
2023-08-17 10:02:52,681 ERROR org.hibernate.engine.jdbc.spi.SqlExceptionHelper [http-nio-8081-exec-39] Data truncation: Incorrect datetime value: '1970-01-01 05:30:00' for column 'date_of_hbs_ag_test' at row 1
2023-08-17 10:02:52,681 INFO org.hibernate.engine.jdbc.batch.internal.AbstractBatchImpl [http-nio-8081-exec-39] HHH000010: On release of batch it still contained JDBC statements
2023-08-17 10:02:52,907 WARN org.hibernate.engine.jdbc.spi.SqlExceptionHelper [http-nio-8081-exec-38] SQL Error: 1292, SQLState: 22001
2023-08-17 10:02:52,907 ERROR org.hibernate.engine.jdbc.spi.SqlExceptionHelper [http-nio-8081-exec-38] Data truncation: Incorrect datetime value: '1970-01-01 05:30:00' for column 'date_of_hbs_ag_test' at row 1
2023-08-17 10:02:52,907 ERROR com.iemr.flw.service.impl.PregnantWomanServiceImpl [http-nio-8081-exec-40] could not execute statement; SQL [n/a]; nested exception is org.hibernate.exception.DataException: could not execute statement
2023-08-17 10:02:52,908 INFO org.hibernate.engine.jdbc.batch.internal.AbstractBatchImpl [http-nio-8081-exec-38] HHH000010: On release of batch it still contained JDBC statements
2023-08-17 10:02:53,017 ERROR com.iemr.flw.service.impl.PregnantWomanServiceImpl [http-nio-8081-exec-39] could not execute statement; SQL [n/a]; nested exception is org.hibernate.exception.DataException: could not execute statement
2023-08-17 10:02:53,223 WARN org.hibernate.engine.jdbc.spi.SqlExceptionHelper [http-nio-8081-exec-33] SQL Error: 1292, SQLState: 22001
2023-08-17 10:02:53,223 ERROR org.hibernate.engine.jdbc.spi.SqlExceptionHelper [http-nio-8081-exec-33] Data truncation: Incorrect datetime value: '1970-01-01 05:30:00' for column 'date_of_hbs_ag_test' at row 1
2023-08-17 10:02:53,223 INFO org.hibernate.engine.jdbc.batch.internal.AbstractBatchImpl [http-nio-8081-exec-33] HHH000010: On release of batch it still contained JDBC statements
2023-08-17 10:02:53,321 ERROR com.iemr.flw.service.impl.PregnantWomanServiceImpl [http-nio-8081-exec-38] could not execute statement; SQL [n/a]; nested exception is org.hibernate.exception.DataException: could not execute statement
2023-08-17 10:02:53,512 WARN org.hibernate.engine.jdbc.spi.SqlExceptionHelper [http-nio-8081-exec-32] SQL Error: 1292, SQLState: 22001
2023-08-17 10:02:53,512 ERROR org.hibernate.engine.jdbc.spi.SqlExceptionHelper [http-nio-8081-exec-32] Data truncation: Incorrect datetime value: '1970-01-01 05:30:00' for column 'date_of_hbs_ag_test' at row 1
2023-08-17 10:02:53,512 INFO org.hibernate.engine.jdbc.batch.internal.AbstractBatchImpl [http-nio-8081-exec-32] HHH000010: On release of batch it still contained JDBC statements
2023-08-17 10:02:53,610 ERROR com.iemr.flw.service.impl.PregnantWomanServiceImpl [http-nio-8081-exec-33] could not execute statement; SQL [n/a]; nested exception is org.hibernate.exception.DataException: could not execute statement
2023-08-17 10:02:53,797 WARN org.hibernate.engine.jdbc.spi.SqlExceptionHelper [http-nio-8081-exec-30] SQL Error: 1292, SQLState: 22001
2023-08-17 10:02:53,797 ERROR org.hibernate.engine.jdbc.spi.SqlExceptionHelper [http-nio-8081-exec-30] Data truncation: Incorrect datetime value: '1970-01-01 05:30:00' for column 'date_of_hbs_ag_test' at row 1
2023-08-17 10:02:53,797 INFO org.hibernate.engine.jdbc.batch.internal.AbstractBatchImpl [http-nio-8081-exec-30] HHH000010: On release of batch it still contained JDBC statements
2023-08-17 10:02:53,897 ERROR com.iemr.flw.service.impl.PregnantWomanServiceImpl [http-nio-8081-exec-32] could not execute statement; SQL [n/a]; nested exception is org.hibernate.exception.DataException: could not execute statement
2023-08-17 10:02:54,071 WARN org.hibernate.engine.jdbc.spi.SqlExceptionHelper [http-nio-8081-exec-31] SQL Error: 1292, SQLState: 22001
2023-08-17 10:02:54,071 ERROR org.hibernate.engine.jdbc.spi.SqlExceptionHelper [http-nio-8081-exec-31] Data truncation: Incorrect datetime value: '1970-01-01 05:30:00' for column 'date_of_hbs_ag_test' at row 1
2023-08-17 10:02:54,071 INFO org.hibernate.engine.jdbc.batch.internal.AbstractBatchImpl [http-nio-8081-exec-31] HHH000010: On release of batch it still contained JDBC statements
2023-08-17 10:02:54,174 ERROR com.iemr.flw.service.impl.PregnantWomanServiceImpl [http-nio-8081-exec-30] could not execute statement; SQL [n/a]; nested exception is org.hibernate.exception.DataException: could not execute statement
2023-08-17 10:02:54,362 WARN org.hibernate.engine.jdbc.spi.SqlExceptionHelper [http-nio-8081-exec-29] SQL Error: 1292, SQLState: 22001
2023-08-17 10:02:54,362 ERROR org.hibernate.engine.jdbc.spi.SqlExceptionHelper [http-nio-8081-exec-29] Data truncation: Incorrect datetime value: '1970-01-01 05:30:00' for column 'date_of_hbs_ag_test' at row 1
2023-08-17 10:02:54,362 INFO org.hibernate.engine.jdbc.batch.internal.AbstractBatchImpl [http-nio-8081-exec-29] HHH000010: On release of batch it still contained JDBC statements
2023-08-17 10:02:54,454 ERROR com.iemr.flw.service.impl.PregnantWomanServiceImpl [http-nio-8081-exec-31] could not execute statement; SQL [n/a]; nested exception is org.hibernate.exception.DataException: could not execute statement
2023-08-17 10:02:54,634 WARN org.hibernate.engine.jdbc.spi.SqlExceptionHelper [http-nio-8081-exec-28] SQL Error: 1292, SQLState: 22001
2023-08-17 10:02:54,634 ERROR org.hibernate.engine.jdbc.spi.SqlExceptionHelper [http-nio-8081-exec-28] Data truncation: Incorrect datetime value: '1970-01-01 05:30:00' for column 'date_of_hbs_ag_test' at row 1
2023-08-17 10:02:54,634 INFO org.hibernate.engine.jdbc.batch.internal.AbstractBatchImpl [http-nio-8081-exec-28] HHH000010: On release of batch it still contained JDBC statements
2023-08-17 10:02:54,722 ERROR com.iemr.flw.service.impl.PregnantWomanServiceImpl [http-nio-8081-exec-29] could not execute statement; SQL [n/a]; nested exception is org.hibernate.exception.DataException: could not execute statement
2023-08-17 10:02:54,915 WARN org.hibernate.engine.jdbc.spi.SqlExceptionHelper [http-nio-8081-exec-27] SQL Error: 1292, SQLState: 22001
2023-08-17 10:02:54,915 ERROR org.hibernate.engine.jdbc.spi.SqlExceptionHelper [http-nio-8081-exec-27] Data truncation: Incorrect datetime value: '1970-01-01 05:30:00' for column 'date_of_hbs_ag_test' at row 1
2023-08-17 10:02:54,915 INFO org.hibernate.engine.jdbc.batch.internal.AbstractBatchImpl [http-nio-8081-exec-27] HHH000010: On release of batch it still contained JDBC statements
2023-08-17 10:02:55,010 ERROR com.iemr.flw.service.impl.PregnantWomanServiceImpl [http-nio-8081-exec-28] could not execute statement; SQL [n/a]; nested exception is org.hibernate.exception.DataException: could not execute statement
2023-08-17 10:02:55,194 WARN org.hibernate.engine.jdbc.spi.SqlExceptionHelper [http-nio-8081-exec-26] SQL Error: 1292, SQLState: 22001
2023-08-17 10:02:55,194 ERROR org.hibernate.engine.jdbc.spi.SqlExceptionHelper [http-nio-8081-exec-26] Data truncation: Incorrect datetime value: '1970-01-01 05:30:00' for column 'date_of_hbs_ag_test' at row 1
2023-08-17 10:02:55,194 INFO org.hibernate.engine.jdbc.batch.internal.AbstractBatchImpl [http-nio-8081-exec-26] HHH000010: On release of batch it still contained JDBC statements
2023-08-17 10:02:55,297 ERROR com.iemr.flw.service.impl.PregnantWomanServiceImpl [http-nio-8081-exec-27] could not execute statement; SQL [n/a]; nested exception is org.hibernate.exception.DataException: could not execute statement
2023-08-17 10:02:55,671 WARN org.hibernate.engine.jdbc.spi.SqlExceptionHelper [http-nio-8081-exec-25] SQL Error: 1292, SQLState: 22001
2023-08-17 10:02:55,671 ERROR org.hibernate.engine.jdbc.spi.SqlExceptionHelper [http-nio-8081-exec-25] Data truncation: Incorrect datetime value: '1970-01-01 05:30:00' for column 'date_of_hbs_ag_test' at row 1
2023-08-17 10:02:55,671 INFO org.hibernate.engine.jdbc.batch.internal.AbstractBatchImpl [http-nio-8081-exec-25] HHH000010: On release of batch it still contained JDBC statements
2023-08-17 10:02:55,893 ERROR com.iemr.flw.service.impl.PregnantWomanServiceImpl [http-nio-8081-exec-26] could not execute statement; SQL [n/a]; nested exception is org.hibernate.exception.DataException: could not execute statement
2023-08-17 10:02:56,041 WARN org.hibernate.engine.jdbc.spi.SqlExceptionHelper [http-nio-8081-exec-54] SQL Error: 1292, SQLState: 22001
2023-08-17 10:02:56,042 ERROR org.hibernate.engine.jdbc.spi.SqlExceptionHelper [http-nio-8081-exec-54] Data truncation: Incorrect datetime value: '1970-01-01 05:30:00' for column 'date_of_hbs_ag_test' at row 1
2023-08-17 10:02:56,042 INFO org.hibernate.engine.jdbc.batch.internal.AbstractBatchImpl [http-nio-8081-exec-54] HHH000010: On release of batch it still contained JDBC statements
2023-08-17 10:02:56,197 ERROR com.iemr.flw.service.impl.PregnantWomanServiceImpl [http-nio-8081-exec-25] could not execute statement; SQL [n/a]; nested exception is org.hibernate.exception.DataException: could not execute statement
2023-08-17 10:02:56,347 WARN org.hibernate.engine.jdbc.spi.SqlExceptionHelper [http-nio-8081-exec-56] SQL Error: 1292, SQLState: 22001
2023-08-17 10:02:56,347 ERROR org.hibernate.engine.jdbc.spi.SqlExceptionHelper [http-nio-8081-exec-56] Data truncation: Incorrect datetime value: '1970-01-01 05:30:00' for column 'date_of_hbs_ag_test' at row 1
2023-08-17 10:02:56,347 INFO org.hibernate.engine.jdbc.batch.internal.AbstractBatchImpl [http-nio-8081-exec-56] HHH000010: On release of batch it still contained JDBC statements
2023-08-17 10:02:56,619 WARN org.hibernate.engine.jdbc.spi.SqlExceptionHelper [http-nio-8081-exec-59] SQL Error: 1292, SQLState: 22001
2023-08-17 10:02:56,620 ERROR com.iemr.flw.service.impl.PregnantWomanServiceImpl [http-nio-8081-exec-54] could not execute statement; SQL [n/a]; nested exception is org.hibernate.exception.DataException: could not execute statement
2023-08-17 10:02:56,620 ERROR org.hibernate.engine.jdbc.spi.SqlExceptionHelper [http-nio-8081-exec-59] Data truncation: Incorrect datetime value: '1970-01-01 05:30:00' for column 'date_of_hbs_ag_test' at row 1
2023-08-17 10:02:56,620 INFO org.hibernate.engine.jdbc.batch.internal.AbstractBatchImpl [http-nio-8081-exec-59] HHH000010: On release of batch it still contained JDBC statements
2023-08-17 10:02:56,713 ERROR com.iemr.flw.service.impl.PregnantWomanServiceImpl [http-nio-8081-exec-56] could not execute statement; SQL [n/a]; nested exception is org.hibernate.exception.DataException: could not execute statement
2023-08-17 10:02:57,539 ERROR com.iemr.flw.service.impl.PregnantWomanServiceImpl [http-nio-8081-exec-59] could not execute statement; SQL [n/a]; nested exception is org.hibernate.exception.DataException: could not execute statement
2023-08-17 10:10:27,070 INFO com.iemr.flw.controller.CoupleController [http-nio-8081-exec-1] Saving pregnant woman details with timestamp : 2023-08-17 10:10:27.069
2023-08-17 10:10:27,082 INFO com.iemr.flw.controller.CoupleController [http-nio-8081-exec-8] Saving pregnant woman details with timestamp : 2023-08-17 10:10:27.082
2023-08-17 10:10:27,085 INFO com.iemr.flw.controller.CoupleController [http-nio-8081-exec-42] Saving pregnant woman details with timestamp : 2023-08-17 10:10:27.085
2023-08-17 10:10:27,087 INFO com.iemr.flw.controller.CoupleController [http-nio-8081-exec-41] Saving pregnant woman details with timestamp : 2023-08-17 10:10:27.087
2023-08-17 10:10:27,088 INFO com.iemr.flw.controller.CoupleController [http-nio-8081-exec-51] Saving pregnant woman details with timestamp : 2023-08-17 10:10:27.088
2023-08-17 10:10:27,087 INFO com.iemr.flw.controller.CoupleController [http-nio-8081-exec-50] Saving pregnant woman details with timestamp : 2023-08-17 10:10:27.087
2023-08-17 10:10:27,089 INFO com.iemr.flw.controller.CoupleController [http-nio-8081-exec-52] Saving pregnant woman details with timestamp : 2023-08-17 10:10:27.089
2023-08-17 10:10:27,883 WARN org.hibernate.engine.jdbc.spi.SqlExceptionHelper [http-nio-8081-exec-51] SQL Error: 1292, SQLState: 22001
2023-08-17 10:10:27,883 ERROR org.hibernate.engine.jdbc.spi.SqlExceptionHelper [http-nio-8081-exec-51] Data truncation: Incorrect datetime value: '1970-01-01 05:30:00' for column 'date_of_hbs_ag_test' at row 1
2023-08-17 10:10:27,884 WARN org.hibernate.engine.jdbc.spi.SqlExceptionHelper [http-nio-8081-exec-1] SQL Error: 1292, SQLState: 22001
2023-08-17 10:10:27,885 ERROR org.hibernate.engine.jdbc.spi.SqlExceptionHelper [http-nio-8081-exec-1] Data truncation: Incorrect datetime value: '1970-01-01 05:30:00' for column 'date_of_hbs_ag_test' at row 1
2023-08-17 10:10:28,126 WARN org.hibernate.engine.jdbc.spi.SqlExceptionHelper [http-nio-8081-exec-41] SQL Error: 1292, SQLState: 22001
2023-08-17 10:10:28,126 WARN org.hibernate.engine.jdbc.spi.SqlExceptionHelper [http-nio-8081-exec-42] SQL Error: 1292, SQLState: 22001
2023-08-17 10:10:28,126 ERROR org.hibernate.engine.jdbc.spi.SqlExceptionHelper [http-nio-8081-exec-42] Data truncation: Incorrect datetime value: '1970-01-01 05:30:00' for column 'date_of_hbs_ag_test' at row 1
2023-08-17 10:10:28,126 WARN org.hibernate.engine.jdbc.spi.SqlExceptionHelper [http-nio-8081-exec-8] SQL Error: 1292, SQLState: 22001
2023-08-17 10:10:28,126 ERROR org.hibernate.engine.jdbc.spi.SqlExceptionHelper [http-nio-8081-exec-41] Data truncation: Incorrect datetime value: '1970-01-01 05:30:00' for column 'date_of_hbs_ag_test' at row 1
2023-08-17 10:10:28,126 ERROR org.hibernate.engine.jdbc.spi.SqlExceptionHelper [http-nio-8081-exec-8] Data truncation: Incorrect datetime value: '1970-01-01 05:30:00' for column 'date_of_hbs_ag_test' at row 1
2023-08-17 10:10:28,445 ERROR com.iemr.flw.service.impl.PregnantWomanServiceImpl [http-nio-8081-exec-51] could not execute statement; SQL [n/a]; nested exception is org.hibernate.exception.DataException: could not execute statement
2023-08-17 10:10:28,535 ERROR com.iemr.flw.service.impl.PregnantWomanServiceImpl [http-nio-8081-exec-1] could not execute statement; SQL [n/a]; nested exception is org.hibernate.exception.DataException: could not execute statement
2023-08-17 10:10:28,619 ERROR com.iemr.flw.service.impl.PregnantWomanServiceImpl [http-nio-8081-exec-8] could not execute statement; SQL [n/a]; nested exception is org.hibernate.exception.DataException: could not execute statement
2023-08-17 10:10:28,619 ERROR com.iemr.flw.service.impl.PregnantWomanServiceImpl [http-nio-8081-exec-42] could not execute statement; SQL [n/a]; nested exception is org.hibernate.exception.DataException: could not execute statement
2023-08-17 10:10:28,619 ERROR com.iemr.flw.service.impl.PregnantWomanServiceImpl [http-nio-8081-exec-41] could not execute statement; SQL [n/a]; nested exception is org.hibernate.exception.DataException: could not execute statement
2023-08-17 10:10:29,829 WARN org.hibernate.engine.jdbc.spi.SqlExceptionHelper [http-nio-8081-exec-50] SQL Error: 1292, SQLState: 22001
2023-08-17 10:10:29,829 ERROR org.hibernate.engine.jdbc.spi.SqlExceptionHelper [http-nio-8081-exec-50] Data truncation: Incorrect datetime value: '1970-01-01 05:30:00' for column 'date_of_hbs_ag_test' at row 1
2023-08-17 10:10:29,921 WARN org.hibernate.engine.jdbc.spi.SqlExceptionHelper [http-nio-8081-exec-52] SQL Error: 1292, SQLState: 22001
2023-08-17 10:10:29,921 ERROR org.hibernate.engine.jdbc.spi.SqlExceptionHelper [http-nio-8081-exec-52] Data truncation: Incorrect datetime value: '1970-01-01 05:30:00' for column 'date_of_hbs_ag_test' at row 1
2023-08-17 10:10:30,194 ERROR com.iemr.flw.service.impl.PregnantWomanServiceImpl [http-nio-8081-exec-50] could not execute statement; SQL [n/a]; nested exception is org.hibernate.exception.DataException: could not execute statement
2023-08-17 10:10:30,395 ERROR com.iemr.flw.service.impl.PregnantWomanServiceImpl [http-nio-8081-exec-52] could not execute statement; SQL [n/a]; nested exception is org.hibernate.exception.DataException: could not execute statement
2023-08-17 10:11:11,908 INFO com.iemr.flw.controller.CoupleController [http-nio-8081-exec-7] request object with timestamp : 2023-08-17 10:11:11.908 com.iemr.flw.dto.identity.GetBenRequestHandler@4ef67710
2023-08-17 10:12:54,665 INFO com.iemr.flw.controller.CoupleController [http-nio-8081-exec-6] request object with timestamp : 2023-08-17 10:12:54.665 com.iemr.flw.dto.identity.GetBenRequestHandler@554ec36a
2023-08-17 10:13:21,479 INFO com.iemr.flw.controller.CoupleController [http-nio-8081-exec-3] Saving pregnant woman details with timestamp : 2023-08-17 10:13:21.479
2023-08-17 10:13:22,669 INFO com.iemr.flw.controller.CoupleController [http-nio-8081-exec-51] Saving pregnant woman details with timestamp : 2023-08-17 10:13:22.669
2023-08-17 10:13:23,158 WARN org.hibernate.engine.jdbc.spi.SqlExceptionHelper [http-nio-8081-exec-3] SQL Error: 1292, SQLState: 22001
2023-08-17 10:13:23,158 ERROR org.hibernate.engine.jdbc.spi.SqlExceptionHelper [http-nio-8081-exec-3] Data truncation: Incorrect datetime value: '1970-01-01 05:30:00' for column 'date_of_hbs_ag_test' at row 1
2023-08-17 10:13:23,564 WARN org.hibernate.engine.jdbc.spi.SqlExceptionHelper [http-nio-8081-exec-51] SQL Error: 1292, SQLState: 22001
2023-08-17 10:13:23,564 ERROR org.hibernate.engine.jdbc.spi.SqlExceptionHelper [http-nio-8081-exec-51] Data truncation: Incorrect datetime value: '1970-01-01 05:30:00' for column 'date_of_hbs_ag_test' at row 1
2023-08-17 10:13:23,674 ERROR com.iemr.flw.service.impl.PregnantWomanServiceImpl [http-nio-8081-exec-3] could not execute statement; SQL [n/a]; nested exception is org.hibernate.exception.DataException: could not execute statement
2023-08-17 10:13:24,074 ERROR com.iemr.flw.service.impl.PregnantWomanServiceImpl [http-nio-8081-exec-51] could not execute statement; SQL [n/a]; nested exception is org.hibernate.exception.DataException: could not execute statement
2023-08-17 10:13:37,289 INFO com.iemr.flw.controller.CoupleController [http-nio-8081-exec-1] Saving pregnant woman details with timestamp : 2023-08-17 10:13:37.289
2023-08-17 10:13:38,564 INFO com.iemr.flw.service.impl.PregnantWomanServiceImpl [http-nio-8081-exec-1] 1 Pregnant Woman details saved
